2026-03-09 02:48:25,566 - INFO - >>> Đang mở Amazon. Vui lòng đăng nhập tài khoản...
2026-03-09 02:49:39,405 - INFO - >>> Đang mở Amazon. Vui lòng đăng nhập tài khoản...
2026-03-09 02:50:06,241 - INFO - === ĐANG XỬ LÝ FILE: amazon_batch_1.csv ===
2026-03-09 02:50:06,249 - INFO -     📊 Tổng: 100 | Đã xong: 0 | Cần làm: 100
2026-03-09 02:50:06,250 - INFO -     [1/100] Đang lấy review cho ASIN: B0F7K9LFCL
2026-03-09 02:50:12,806 - INFO -       ✅ Đã lưu 8 review.
2026-03-09 02:50:14,807 - INFO -     [2/100] Đang lấy review cho ASIN: B0DPJMTH4N
2026-03-09 02:50:20,830 - INFO -       ✅ Đã lưu 8 review.
2026-03-09 02:50:22,831 - INFO -     [3/100] Đang lấy review cho ASIN: B0BN72FYFG
2026-03-09 02:50:28,943 - INFO -       ✅ Đã lưu 8 review.
2026-03-09 02:50:30,943 - INFO -     [4/100] Đang lấy review cho ASIN: B09LNW3CY2
2026-03-09 02:50:37,210 - INFO -       ✅ Đã lưu 8 review.
2026-03-09 02:50:39,211 - INFO -     [5/100] Đang lấy review cho ASIN: B0FQ5H2ZD4
2026-03-09 02:50:43,998 - INFO -       ✅ Đã lưu 3 review.
2026-03-09 02:50:45,999 - INFO -     [6/100] Đang lấy review cho ASIN: B0F91RLVD5
2026-03-09 02:50:51,739 - INFO -       ✅ Đã lưu 5 review.
2026-03-09 02:50:53,739 - INFO -     [7/100] Đang lấy review cho ASIN: B0DVHV7X53
2026-03-09 02:50:59,571 - INFO -       ✅ Đã lưu 8 review.
2026-03-09 02:51:01,571 - INFO -     [8/100] Đang lấy review cho ASIN: B0D7HWPR3J
2026-03-09 02:51:07,898 - INFO -       ✅ Đã lưu 8 review.
2026-03-09 02:51:09,899 - INFO -     [9/100] Đang lấy review cho ASIN: B0FSCKPM81
2026-03-09 02:51:15,984 - INFO -       ✅ Đã lưu 8 review.
2026-03-09 02:51:17,985 - INFO -     [10/100] Đang lấy review cho ASIN: B08PMKDJ28
2026-03-09 02:51:24,382 - INFO -       ✅ Đã lưu 8 review.
2026-03-09 02:51:26,382 - INFO -     [11/100] Đang lấy review cho ASIN: B0D3JGGXBH
2026-03-09 02:51:33,232 - INFO -       ✅ Đã lưu 8 review.
2026-03-09 02:51:35,232 - INFO -     [12/100] Đang lấy review cho ASIN: B0CL9RGZCB
2026-03-09 02:51:41,478 - INFO -       ✅ Đã lưu 8 review.
2026-03-09 02:51:43,479 - INFO -     [13/100] Đang lấy review cho ASIN: B0F1SPJL8J
2026-03-09 02:51:49,352 - INFO -       ✅ Đã lưu 8 review.
2026-03-09 02:51:51,353 - INFO -     [14/100] Đang lấy review cho ASIN: B0FQ5PCN6V
2026-03-09 02:51:57,529 - INFO -       ✅ Đã lưu 8 review.
2026-03-09 02:51:59,530 - INFO -     [15/100] Đang lấy review cho ASIN: B0F66Y3B2Y
2026-03-09 02:52:05,858 - INFO -       ✅ Đã lưu 8 review.
2026-03-09 02:52:07,863 - INFO -     [16/100] Đang lấy review cho ASIN: B0FQB3BSHW
2026-03-09 02:52:27,345 - INFO -       ℹ️ ASIN này hiện không có review hiển thị.
2026-03-09 02:52:29,345 - INFO -     [17/100] Đang lấy review cho ASIN: B0C61T5JL6
2026-03-09 02:52:34,541 - INFO -       ✅ Đã lưu 4 review.
2026-03-09 02:52:36,542 - INFO -     [18/100] Đang lấy review cho ASIN: B0FTZZ7LS1
2026-03-09 02:52:42,783 - INFO -       ✅ Đã lưu 8 review.
2026-03-09 02:52:44,784 - INFO -     [19/100] Đang lấy review cho ASIN: B0FDWHJPY5
2026-03-09 02:52:51,027 - INFO -       ✅ Đã lưu 8 review.
2026-03-09 02:52:53,028 - INFO -     [20/100] Đang lấy review cho ASIN: B0G7GT7HQH
2026-03-09 02:53:12,217 - INFO -       ℹ️ ASIN này hiện không có review hiển thị.
2026-03-09 02:53:14,218 - INFO -     [21/100] Đang lấy review cho ASIN: B0DDVBBSWH
2026-03-09 02:53:19,722 - INFO -       ✅ Đã lưu 4 review.
2026-03-09 02:53:21,722 - INFO -     [22/100] Đang lấy review cho ASIN: B0FDD5TDP1
2026-03-09 02:53:27,627 - INFO -       ✅ Đã lưu 8 review.
2026-03-09 02:53:29,628 - INFO -     [23/100] Đang lấy review cho ASIN: B0FG2SH8LP
2026-03-09 02:53:33,994 - INFO -       ✅ Đã lưu 1 review.
2026-03-09 02:53:35,994 - INFO -     [24/100] Đang lấy review cho ASIN: B0939K5M9Q
2026-03-09 02:53:42,469 - INFO -       ✅ Đã lưu 8 review.
2026-03-09 02:53:44,470 - INFO -     [25/100] Đang lấy review cho ASIN: B0FV5GJLXQ
2026-03-09 02:53:50,622 - INFO -       ✅ Đã lưu 8 review.
2026-03-09 02:53:52,623 - INFO -     [26/100] Đang lấy review cho ASIN: B0CMZGJG3Q
2026-03-09 02:53:58,678 - INFO -       ✅ Đã lưu 8 review.
2026-03-09 02:54:00,679 - INFO -     [27/100] Đang lấy review cho ASIN: B0CMZFYDTM
2026-03-09 02:54:07,214 - INFO -       ✅ Đã lưu 8 review.
2026-03-09 02:54:09,214 - INFO -     [28/100] Đang lấy review cho ASIN: B0FFTR9DST
2026-03-09 02:54:15,386 - INFO -       ✅ Đã lưu 8 review.
2026-03-09 02:54:17,386 - INFO -     [29/100] Đang lấy review cho ASIN: B07K4V35TJ
2026-03-09 02:54:23,178 - INFO -       ✅ Đã lưu 8 review.
2026-03-09 02:54:25,179 - INFO -     [30/100] Đang lấy review cho ASIN: B0DKK25634
2026-03-09 02:54:44,754 - INFO -       ℹ️ ASIN này hiện không có review hiển thị.
2026-03-09 02:54:46,755 - INFO -     [31/100] Đang lấy review cho ASIN: B07TJBCC7H
2026-03-09 02:54:52,912 - INFO -       ✅ Đã lưu 8 review.
2026-03-09 02:54:54,912 - INFO -     [32/100] Đang lấy review cho ASIN: B0FFTQFHQV
2026-03-09 02:55:01,198 - INFO -       ✅ Đã lưu 8 review.
2026-03-09 02:55:03,198 - INFO -     [33/100] Đang lấy review cho ASIN: B0F7LQWG1Q
2026-03-09 02:55:09,385 - INFO -       ✅ Đã lưu 8 review.
2026-03-09 02:55:11,385 - INFO -     [34/100] Đang lấy review cho ASIN: B07WFHPZ2D
2026-03-09 02:55:17,415 - INFO -       ✅ Đã lưu 8 review.
2026-03-09 02:55:19,415 - INFO -     [35/100] Đang lấy review cho ASIN: B0CN1QSH8Q
2026-03-09 02:55:25,535 - INFO -       ✅ Đã lưu 8 review.
2026-03-09 02:55:27,536 - INFO -     [36/100] Đang lấy review cho ASIN: B0BLP3ZRSJ
2026-03-09 02:55:33,925 - INFO -       ✅ Đã lưu 8 review.
2026-03-09 02:55:35,926 - INFO -     [37/100] Đang lấy review cho ASIN: B0D23P28XX
2026-03-09 02:55:42,218 - INFO -       ✅ Đã lưu 8 review.
2026-03-09 02:55:44,218 - INFO -     [38/100] Đang lấy review cho ASIN: B0DKZ38CJN
2026-03-09 02:55:49,103 - INFO -       ✅ Đã lưu 1 review.
2026-03-09 02:55:51,104 - INFO -     [39/100] Đang lấy review cho ASIN: B0FX2Z51PV
2026-03-09 02:55:57,602 - INFO -       ✅ Đã lưu 8 review.
2026-03-09 02:55:59,603 - INFO -     [40/100] Đang lấy review cho ASIN: B0FJ8HXYCN
2026-03-09 02:56:05,615 - INFO -       ✅ Đã lưu 8 review.
2026-03-09 02:56:07,616 - INFO -     [41/100] Đang lấy review cho ASIN: B0DTHRKR68
2026-03-09 02:56:13,690 - INFO -       ✅ Đã lưu 8 review.
2026-03-09 02:56:15,691 - INFO -     [42/100] Đang lấy review cho ASIN: B07YMG37J4
2026-03-09 02:56:22,138 - INFO -       ✅ Đã lưu 8 review.
2026-03-09 02:56:24,139 - INFO -     [43/100] Đang lấy review cho ASIN: B07WHKDGL4
2026-03-09 02:56:29,936 - INFO -       ✅ Đã lưu 6 review.
2026-03-09 02:56:31,937 - INFO -     [44/100] Đang lấy review cho ASIN: B07D2JL7TS
2026-03-09 02:56:35,568 - WARNING -     ⚠️ PHÁT HIỆN CHẶN/LOGOUT. Vui lòng xử lý trên trình duyệt.
2026-03-09 06:16:14,091 - INFO -       ✅ Đã lưu 8 review.
2026-03-09 06:16:16,092 - INFO -     [45/100] Đang lấy review cho ASIN: B0D2ZFH253
2026-03-09 06:16:22,070 - INFO -       ✅ Đã lưu 8 review.
2026-03-09 06:16:24,071 - INFO -     [46/100] Đang lấy review cho ASIN: B0DTTVPJWV
2026-03-09 06:16:30,009 - INFO -       ✅ Đã lưu 8 review.
2026-03-09 06:16:32,009 - INFO -     [47/100] Đang lấy review cho ASIN: B09SBRDNHH
2026-03-09 06:16:38,076 - INFO -       ✅ Đã lưu 8 review.
2026-03-09 06:16:40,076 - INFO -     [48/100] Đang lấy review cho ASIN: B0C9RX9F94
2026-03-09 06:16:45,740 - INFO -       ✅ Đã lưu 8 review.
2026-03-09 06:16:47,740 - INFO -     [49/100] Đang lấy review cho ASIN: B0DKK1KYDQ
2026-03-09 06:17:07,051 - INFO -       ℹ️ ASIN này hiện không có review hiển thị.
2026-03-09 06:17:09,052 - INFO -     [50/100] Đang lấy review cho ASIN: B0F2N5CZ21
2026-03-09 06:17:13,847 - INFO -       ✅ Đã lưu 1 review.
2026-03-09 06:17:15,848 - INFO -     [51/100] Đang lấy review cho ASIN: B0FQ6776XQ
2026-03-09 06:17:22,022 - INFO -       ✅ Đã lưu 8 review.
2026-03-09 06:17:24,022 - INFO -     [52/100] Đang lấy review cho ASIN: B098TXKW8K
2026-03-09 06:17:30,557 - INFO -       ✅ Đã lưu 8 review.
2026-03-09 06:17:32,557 - INFO -     [53/100] Đang lấy review cho ASIN: B0CGTJJRHY
2026-03-09 06:17:38,808 - INFO -       ✅ Đã lưu 8 review.
2026-03-09 06:17:40,809 - INFO -     [54/100] Đang lấy review cho ASIN: B09V87YTC9
2026-03-09 06:17:46,895 - INFO -       ✅ Đã lưu 8 review.
2026-03-09 06:17:48,895 - INFO -     [55/100] Đang lấy review cho ASIN: B0CMQHXFY4
2026-03-09 06:17:55,829 - INFO -       ✅ Đã lưu 8 review.
2026-03-09 06:17:57,830 - INFO -     [56/100] Đang lấy review cho ASIN: B084D89DBF
2026-03-09 06:18:03,972 - INFO -       ✅ Đã lưu 8 review.
2026-03-09 06:18:05,972 - INFO -     [57/100] Đang lấy review cho ASIN: B0CJNSJ8M5
2026-03-09 06:18:13,030 - INFO -       ✅ Đã lưu 8 review.
2026-03-09 06:18:15,031 - INFO -     [58/100] Đang lấy review cho ASIN: B09SM24S8C
2026-03-09 06:18:20,824 - INFO -       ✅ Đã lưu 8 review.
2026-03-09 06:18:22,825 - INFO -     [59/100] Đang lấy review cho ASIN: B0DGP9TS6Y
2026-03-09 06:18:28,884 - INFO -       ✅ Đã lưu 8 review.
2026-03-09 06:18:30,885 - INFO -     [60/100] Đang lấy review cho ASIN: B0F9TFL9Z5
2026-03-09 06:18:37,250 - INFO -       ✅ Đã lưu 8 review.
2026-03-09 06:18:39,251 - INFO -     [61/100] Đang lấy review cho ASIN: B00ZQVSKSM
2026-03-09 06:18:47,128 - INFO -       ✅ Đã lưu 8 review.
2026-03-09 06:18:49,129 - INFO -     [62/100] Đang lấy review cho ASIN: B0CBNLS6BD
2026-03-09 06:18:55,329 - INFO -       ✅ Đã lưu 8 review.
2026-03-09 06:18:57,329 - INFO -     [63/100] Đang lấy review cho ASIN: B0CWXVBMGR
2026-03-09 06:19:03,780 - INFO -       ✅ Đã lưu 8 review.
2026-03-09 06:19:05,781 - INFO -     [64/100] Đang lấy review cho ASIN: B0CGLLDSBC
2026-03-09 06:19:11,757 - INFO -       ✅ Đã lưu 8 review.
2026-03-09 06:19:13,758 - INFO -     [65/100] Đang lấy review cho ASIN: B0G5N2WBZ6
2026-03-09 06:19:32,852 - INFO -       ℹ️ ASIN này hiện không có review hiển thị.
2026-03-09 06:19:34,853 - INFO -     [66/100] Đang lấy review cho ASIN: B0FQJ7TGCL
2026-03-09 06:19:40,843 - INFO -       ✅ Đã lưu 8 review.
2026-03-09 06:19:42,844 - INFO -     [67/100] Đang lấy review cho ASIN: B01MFD57MC
2026-03-09 06:19:49,403 - INFO -       ✅ Đã lưu 8 review.
2026-03-09 06:19:51,404 - INFO -     [68/100] Đang lấy review cho ASIN: B0CH964JZ8
2026-03-09 06:19:57,734 - INFO -       ✅ Đã lưu 8 review.
2026-03-09 06:19:59,734 - INFO -     [69/100] Đang lấy review cho ASIN: B0DNG2181P
2026-03-09 06:20:05,544 - INFO -       ✅ Đã lưu 8 review.
2026-03-09 06:20:07,545 - INFO -     [70/100] Đang lấy review cho ASIN: B0FG59V2ZK
2026-03-09 06:20:13,704 - INFO -       ✅ Đã lưu 8 review.
2026-03-09 06:20:15,705 - INFO -     [71/100] Đang lấy review cho ASIN: B00IZ1XJ3Q
2026-03-09 06:20:21,652 - INFO -       ✅ Đã lưu 8 review.
2026-03-09 06:20:23,653 - INFO -     [72/100] Đang lấy review cho ASIN: B017C2TJ3W
2026-03-09 06:20:29,255 - INFO -       ✅ Đã lưu 8 review.
2026-03-09 06:20:31,256 - INFO -     [73/100] Đang lấy review cho ASIN: B01CJ3SCN2
2026-03-09 06:20:37,070 - INFO -       ✅ Đã lưu 8 review.
2026-03-09 06:20:39,070 - INFO -     [74/100] Đang lấy review cho ASIN: B0FPVCTTPC
2026-03-09 06:20:45,274 - INFO -       ✅ Đã lưu 8 review.
2026-03-09 06:20:47,275 - INFO -     [75/100] Đang lấy review cho ASIN: B0BQ6QCCVP
2026-03-09 06:20:53,157 - INFO -       ✅ Đã lưu 8 review.
2026-03-09 06:20:55,158 - INFO -     [76/100] Đang lấy review cho ASIN: B0FV81L2B9
2026-03-09 06:21:00,343 - INFO -       ✅ Đã lưu 3 review.
2026-03-09 06:21:02,344 - INFO -     [77/100] Đang lấy review cho ASIN: B01CIATFB4
2026-03-09 06:21:08,705 - INFO -       ✅ Đã lưu 8 review.
2026-03-09 06:21:10,706 - INFO -     [78/100] Đang lấy review cho ASIN: B0BD5S2V4Y
2026-03-09 06:21:30,156 - INFO -       ℹ️ ASIN này hiện không có review hiển thị.
2026-03-09 06:21:32,157 - INFO -     [79/100] Đang lấy review cho ASIN: B06Y3HCFZT
2026-03-09 06:21:39,316 - INFO -       ✅ Đã lưu 8 review.
2026-03-09 06:21:41,316 - INFO -     [80/100] Đang lấy review cho ASIN: B0CF2PV74C
2026-03-09 06:21:47,340 - INFO -       ✅ Đã lưu 8 review.
2026-03-09 06:21:49,341 - INFO -     [81/100] Đang lấy review cho ASIN: B0BJLBWHCB
2026-03-09 06:21:54,521 - INFO -       ✅ Đã lưu 5 review.
2026-03-09 06:21:56,522 - INFO -     [82/100] Đang lấy review cho ASIN: B0FL23P6MY
2026-03-09 06:22:03,044 - INFO -       ✅ Đã lưu 8 review.
2026-03-09 06:22:05,045 - INFO -     [83/100] Đang lấy review cho ASIN: B0FV8BMNG7
2026-03-09 06:22:09,824 - INFO -       ✅ Đã lưu 2 review.
2026-03-09 06:22:11,824 - INFO -     [84/100] Đang lấy review cho ASIN: B00V5LZXCS
2026-03-09 06:22:17,579 - INFO -       ✅ Đã lưu 8 review.
2026-03-09 06:22:19,580 - INFO -     [85/100] Đang lấy review cho ASIN: B0FJDKV98C
2026-03-09 06:22:39,067 - INFO -       ℹ️ ASIN này hiện không có review hiển thị.
2026-03-09 06:22:41,068 - INFO -     [86/100] Đang lấy review cho ASIN: B07YMHGW9X
2026-03-09 06:22:47,289 - INFO -       ✅ Đã lưu 8 review.
2026-03-09 06:22:49,290 - INFO -     [87/100] Đang lấy review cho ASIN: B0FHKBQDML
2026-03-09 06:22:55,532 - INFO -       ✅ Đã lưu 8 review.
2026-03-09 06:22:57,533 - INFO -     [88/100] Đang lấy review cho ASIN: B095XJD1B5
2026-03-09 06:23:02,597 - INFO -       ✅ Đã lưu 4 review.
2026-03-09 06:23:04,598 - INFO -     [89/100] Đang lấy review cho ASIN: B0D6VZCW81
2026-03-09 06:23:11,195 - INFO -       ✅ Đã lưu 8 review.
2026-03-09 06:23:13,196 - INFO -     [90/100] Đang lấy review cho ASIN: B0FNJXPSX1
2026-03-09 06:23:19,005 - INFO -       ✅ Đã lưu 8 review.
2026-03-09 06:23:21,006 - INFO -     [91/100] Đang lấy review cho ASIN: B00F3IIVV4
2026-03-09 06:23:26,066 - INFO -       ✅ Đã lưu 3 review.
2026-03-09 06:23:28,067 - INFO -     [92/100] Đang lấy review cho ASIN: B0BLW93Q4F
2026-03-09 06:23:34,467 - INFO -       ✅ Đã lưu 8 review.
2026-03-09 06:23:36,468 - INFO -     [93/100] Đang lấy review cho ASIN: B0FLXBY9JZ
2026-03-09 06:23:42,834 - INFO -       ✅ Đã lưu 8 review.
2026-03-09 06:23:44,835 - INFO -     [94/100] Đang lấy review cho ASIN: B0BCL5VH14
2026-03-09 06:23:51,151 - INFO -       ✅ Đã lưu 8 review.
2026-03-09 06:23:53,151 - INFO -     [95/100] Đang lấy review cho ASIN: B0FJDJB6LQ
2026-03-09 06:24:12,653 - INFO -       ℹ️ ASIN này hiện không có review hiển thị.
2026-03-09 06:24:14,654 - INFO -     [96/100] Đang lấy review cho ASIN: B0FLNYXKCF
2026-03-09 06:24:19,363 - INFO -       ✅ Đã lưu 1 review.
2026-03-09 06:24:21,364 - INFO -     [97/100] Đang lấy review cho ASIN: B0C2D1FVDQ
2026-03-09 06:24:40,644 - INFO -       ℹ️ ASIN này hiện không có review hiển thị.
2026-03-09 06:24:42,645 - INFO -     [98/100] Đang lấy review cho ASIN: B0GG8CSJ9H
2026-03-09 06:25:02,161 - INFO -       ℹ️ ASIN này hiện không có review hiển thị.
2026-03-09 06:25:04,162 - INFO -     [99/100] Đang lấy review cho ASIN: B0FJDHHWFL
2026-03-09 06:25:08,831 - INFO -       ✅ Đã lưu 1 review.
2026-03-09 06:25:10,832 - INFO -     [100/100] Đang lấy review cho ASIN: B0BCL7B4FZ
2026-03-09 06:25:17,092 - INFO -       ✅ Đã lưu 8 review.
2026-03-09 06:25:19,093 - INFO - === ĐANG XỬ LÝ FILE: amazon_batch_2.csv ===
2026-03-09 06:25:19,097 - INFO -     📊 Tổng: 100 | Đã xong: 0 | Cần làm: 100
2026-03-09 06:25:19,097 - INFO -     [1/100] Đang lấy review cho ASIN: B0FJD73B14
2026-03-09 06:25:38,724 - INFO -       ℹ️ ASIN này hiện không có review hiển thị.
2026-03-09 06:25:40,726 - INFO -     [2/100] Đang lấy review cho ASIN: B0FWXVJ3L6
2026-03-09 06:25:45,579 - INFO -       ✅ Đã lưu 2 review.
2026-03-09 06:25:47,580 - INFO -     [3/100] Đang lấy review cho ASIN: B0FVSVR5L1
2026-03-09 06:26:07,038 - INFO -       ℹ️ ASIN này hiện không có review hiển thị.
2026-03-09 06:26:09,039 - INFO -     [4/100] Đang lấy review cho ASIN: B0FX3VM3NL
2026-03-09 06:26:15,060 - INFO -       ✅ Đã lưu 6 review.
2026-03-09 06:26:17,062 - INFO -     [5/100] Đang lấy review cho ASIN: B09DK5KVYR
2026-03-09 06:26:23,634 - INFO -       ✅ Đã lưu 8 review.
2026-03-09 06:26:25,634 - INFO -     [6/100] Đang lấy review cho ASIN: B09DG61FGF
2026-03-09 06:26:31,874 - INFO -       ✅ Đã lưu 8 review.
2026-03-09 06:26:33,874 - INFO -     [7/100] Đang lấy review cho ASIN: B0C2D1F6V2
2026-03-09 06:26:53,023 - INFO -       ℹ️ ASIN này hiện không có review hiển thị.
2026-03-09 06:26:55,024 - INFO -     [8/100] Đang lấy review cho ASIN: B0FX9GSFFL
2026-03-09 06:27:01,247 - INFO -       ✅ Đã lưu 8 review.
2026-03-09 06:27:03,248 - INFO -     [9/100] Đang lấy review cho ASIN: B07WJ1BBBL
2026-03-09 06:27:08,935 - INFO -       ✅ Đã lưu 8 review.
2026-03-09 06:27:10,936 - INFO -     [10/100] Đang lấy review cho ASIN: B0F99MYFNV
2026-03-09 06:27:30,227 - INFO -       ℹ️ ASIN này hiện không có review hiển thị.
2026-03-09 06:27:32,229 - INFO -     [11/100] Đang lấy review cho ASIN: B0G93NK5Q9
2026-03-09 06:27:51,735 - INFO -       ℹ️ ASIN này hiện không có review hiển thị.
2026-03-09 06:27:53,735 - INFO -     [12/100] Đang lấy review cho ASIN: B0DZCPWVVQ
2026-03-09 06:27:58,637 - INFO -       ✅ Đã lưu 1 review.
2026-03-09 06:28:00,638 - INFO -     [13/100] Đang lấy review cho ASIN: B0134TVCHI
2026-03-09 06:28:07,091 - INFO -       ✅ Đã lưu 8 review.
2026-03-09 06:28:09,091 - INFO -     [14/100] Đang lấy review cho ASIN: B0F9S3TC5J
2026-03-09 06:28:15,250 - INFO -       ✅ Đã lưu 6 review.
2026-03-09 06:28:17,251 - INFO -     [15/100] Đang lấy review cho ASIN: B0GLFVWP2N
2026-03-09 06:28:36,836 - INFO -       ℹ️ ASIN này hiện không có review hiển thị.
2026-03-09 06:28:38,837 - INFO -     [16/100] Đang lấy review cho ASIN: B0FPF5H5Z1
2026-03-09 06:28:58,362 - INFO -       ℹ️ ASIN này hiện không có review hiển thị.
2026-03-09 06:29:00,363 - INFO -     [17/100] Đang lấy review cho ASIN: B0G5N91BN7
2026-03-09 06:29:20,298 - INFO -       ℹ️ ASIN này hiện không có review hiển thị.
2026-03-09 06:29:22,299 - INFO -     [18/100] Đang lấy review cho ASIN: B0FDVGSSGV
2026-03-09 06:29:41,977 - INFO -       ℹ️ ASIN này hiện không có review hiển thị.
2026-03-09 06:29:43,979 - INFO -     [19/100] Đang lấy review cho ASIN: B0G2529759
2026-03-09 06:30:03,725 - INFO -       ℹ️ ASIN này hiện không có review hiển thị.
2026-03-09 06:30:05,726 - INFO -     [20/100] Đang lấy review cho ASIN: B0G565B2QK
2026-03-09 06:30:24,917 - INFO -       ℹ️ ASIN này hiện không có review hiển thị.
2026-03-09 06:30:26,918 - INFO -     [21/100] Đang lấy review cho ASIN: B0FQ2X71N5
2026-03-09 06:30:32,109 - INFO -       ✅ Đã lưu 2 review.
2026-03-09 06:30:34,110 - INFO -     [22/100] Đang lấy review cho ASIN: B0GK1D1K3Q
2026-03-09 06:30:53,390 - INFO -       ℹ️ ASIN này hiện không có review hiển thị.
2026-03-09 06:30:55,391 - INFO -     [23/100] Đang lấy review cho ASIN: B0GJ5DQC7F
2026-03-09 06:31:14,776 - INFO -       ℹ️ ASIN này hiện không có review hiển thị.
2026-03-09 06:31:16,777 - INFO -     [24/100] Đang lấy review cho ASIN: B0FJDR7WDG
2026-03-09 06:31:36,054 - INFO -       ℹ️ ASIN này hiện không có review hiển thị.
2026-03-09 06:31:38,055 - INFO -     [25/100] Đang lấy review cho ASIN: B0GJBT213C
2026-03-09 06:31:57,653 - INFO -       ℹ️ ASIN này hiện không có review hiển thị.
2026-03-09 06:31:59,654 - INFO -     [26/100] Đang lấy review cho ASIN: B0GJZF9VVH
2026-03-09 06:32:19,031 - INFO -       ℹ️ ASIN này hiện không có review hiển thị.
2026-03-09 06:32:21,032 - INFO -     [27/100] Đang lấy review cho ASIN: B0FP4PTB3L
2026-03-09 06:32:40,323 - INFO -       ℹ️ ASIN này hiện không có review hiển thị.
2026-03-09 06:32:42,323 - INFO -     [28/100] Đang lấy review cho ASIN: B0FR2JHCJ2
2026-03-09 06:33:01,699 - INFO -       ℹ️ ASIN này hiện không có review hiển thị.
2026-03-09 06:33:03,700 - INFO -     [29/100] Đang lấy review cho ASIN: B0FQ39SGYR
2026-03-09 06:33:23,107 - INFO -       ℹ️ ASIN này hiện không có review hiển thị.
2026-03-09 06:33:25,108 - INFO -     [30/100] Đang lấy review cho ASIN: B0FHDNPYR6
2026-03-09 06:33:28,730 - WARNING -     ⚠️ PHÁT HIỆN CHẶN/LOGOUT. Vui lòng xử lý trên trình duyệt.
2026-03-09 06:38:23,260 - INFO -       ℹ️ ASIN này hiện không có review hiển thị.
2026-03-09 06:38:25,261 - INFO -     [31/100] Đang lấy review cho ASIN: B0BFDJY2L6
2026-03-09 06:38:28,873 - WARNING -     ⚠️ PHÁT HIỆN CHẶN/LOGOUT. Vui lòng xử lý trên trình duyệt.
2026-03-09 06:38:47,355 - INFO -       ℹ️ ASIN này hiện không có review hiển thị.
2026-03-09 06:38:49,355 - INFO -     [32/100] Đang lấy review cho ASIN: B0C2CVXP35
2026-03-09 06:39:08,774 - INFO -       ℹ️ ASIN này hiện không có review hiển thị.
2026-03-09 06:39:10,776 - INFO -     [33/100] Đang lấy review cho ASIN: B0CGF58B3L
2026-03-09 06:39:29,561 - INFO -       ℹ️ ASIN này hiện không có review hiển thị.
2026-03-09 06:39:31,562 - INFO -     [34/100] Đang lấy review cho ASIN: B0G4WPP1QK
2026-03-09 06:39:50,170 - INFO -       ℹ️ ASIN này hiện không có review hiển thị.
2026-03-09 06:39:52,170 - INFO -     [35/100] Đang lấy review cho ASIN: B0DTCSD6KB
2026-03-09 06:40:10,957 - INFO -       ℹ️ ASIN này hiện không có review hiển thị.
2026-03-09 06:40:12,957 - INFO -     [36/100] Đang lấy review cho ASIN: B077486W98
2026-03-09 06:40:31,601 - INFO -       ℹ️ ASIN này hiện không có review hiển thị.
2026-03-09 06:40:33,602 - INFO -     [37/100] Đang lấy review cho ASIN: B0GBW2CCQS
2026-03-09 06:40:52,243 - INFO -       ℹ️ ASIN này hiện không có review hiển thị.
2026-03-09 06:40:54,243 - INFO -     [38/100] Đang lấy review cho ASIN: B0FJQ4VNND
2026-03-09 06:41:12,929 - INFO -       ℹ️ ASIN này hiện không có review hiển thị.
2026-03-09 06:41:14,930 - INFO -     [39/100] Đang lấy review cho ASIN: B0FM3S5KZ2
2026-03-09 06:41:33,498 - INFO -       ℹ️ ASIN này hiện không có review hiển thị.
2026-03-09 06:41:35,503 - INFO -     [40/100] Đang lấy review cho ASIN: B0FLF2XGCH
2026-03-09 06:41:54,076 - INFO -       ℹ️ ASIN này hiện không có review hiển thị.
2026-03-09 06:41:56,077 - INFO -     [41/100] Đang lấy review cho ASIN: B0GJ5DLWGG
2026-03-09 06:42:14,684 - INFO -       ℹ️ ASIN này hiện không có review hiển thị.
2026-03-09 06:42:16,685 - INFO -     [42/100] Đang lấy review cho ASIN: B0D54MQZRZ
2026-03-09 06:42:35,346 - INFO -       ℹ️ ASIN này hiện không có review hiển thị.
2026-03-09 06:42:37,347 - INFO -     [43/100] Đang lấy review cho ASIN: B0FR2JFX56
2026-03-09 06:42:56,053 - INFO -       ℹ️ ASIN này hiện không có review hiển thị.
2026-03-09 06:42:58,054 - INFO -     [44/100] Đang lấy review cho ASIN: B06XR71QH2
2026-03-09 06:43:16,709 - INFO -       ℹ️ ASIN này hiện không có review hiển thị.
2026-03-09 06:43:18,710 - INFO -     [45/100] Đang lấy review cho ASIN: B09PFC2DVD
2026-03-09 06:43:37,257 - INFO -       ℹ️ ASIN này hiện không có review hiển thị.
2026-03-09 06:43:39,258 - INFO -     [46/100] Đang lấy review cho ASIN: B0G65FT5K7
2026-03-09 06:43:58,041 - INFO -       ℹ️ ASIN này hiện không có review hiển thị.
2026-03-09 06:44:00,042 - INFO -     [47/100] Đang lấy review cho ASIN: B0FJDH3DXS
2026-03-09 06:44:18,604 - INFO -       ℹ️ ASIN này hiện không có review hiển thị.
2026-03-09 06:44:20,605 - INFO -     [48/100] Đang lấy review cho ASIN: B0FZGFMCY7
2026-03-09 06:44:39,275 - INFO -       ℹ️ ASIN này hiện không có review hiển thị.
2026-03-09 06:44:41,277 - INFO -     [49/100] Đang lấy review cho ASIN: B079Z9P4LD
2026-03-09 06:44:59,925 - INFO -       ℹ️ ASIN này hiện không có review hiển thị.
2026-03-09 06:45:01,926 - INFO -     [50/100] Đang lấy review cho ASIN: B0G7GM9RT2
2026-03-09 06:45:20,561 - INFO -       ℹ️ ASIN này hiện không có review hiển thị.
2026-03-09 06:45:22,562 - INFO -     [51/100] Đang lấy review cho ASIN: B0FT8F49NF
2026-03-09 06:45:41,148 - INFO -       ℹ️ ASIN này hiện không có review hiển thị.
2026-03-09 06:45:43,149 - INFO -     [52/100] Đang lấy review cho ASIN: B016J1A3H8
2026-03-09 06:46:01,865 - INFO -       ℹ️ ASIN này hiện không có review hiển thị.
2026-03-09 06:46:03,866 - INFO -     [53/100] Đang lấy review cho ASIN: B0FLMMSMWW
2026-03-09 06:46:22,477 - INFO -       ℹ️ ASIN này hiện không có review hiển thị.
2026-03-09 06:46:24,478 - INFO -     [54/100] Đang lấy review cho ASIN: B0FS582GS7
2026-03-09 06:46:43,314 - INFO -       ℹ️ ASIN này hiện không có review hiển thị.
2026-03-09 06:46:45,315 - INFO -     [55/100] Đang lấy review cho ASIN: B01AUAOI7A
2026-03-09 06:47:03,903 - INFO -       ℹ️ ASIN này hiện không có review hiển thị.
2026-03-09 06:47:05,903 - INFO -     [56/100] Đang lấy review cho ASIN: B08TZY5JCV
2026-03-09 06:47:24,494 - INFO -       ℹ️ ASIN này hiện không có review hiển thị.
2026-03-09 06:47:26,495 - INFO -     [57/100] Đang lấy review cho ASIN: B0FBW1DYND
2026-03-09 06:47:45,155 - INFO -       ℹ️ ASIN này hiện không có review hiển thị.
2026-03-09 06:47:47,156 - INFO -     [58/100] Đang lấy review cho ASIN: B0FCXKM2Q5
2026-03-09 06:48:05,768 - INFO -       ℹ️ ASIN này hiện không có review hiển thị.
2026-03-09 06:48:07,770 - INFO -     [59/100] Đang lấy review cho ASIN: B0FN3SHB18
2026-03-09 06:48:26,580 - INFO -       ℹ️ ASIN này hiện không có review hiển thị.
2026-03-09 06:48:28,581 - INFO -     [60/100] Đang lấy review cho ASIN: B07YM1H95G
2026-03-09 06:48:47,188 - INFO -       ℹ️ ASIN này hiện không có review hiển thị.
2026-03-09 06:48:49,189 - INFO -     [61/100] Đang lấy review cho ASIN: B0G589FB3Q
2026-03-09 06:49:07,877 - INFO -       ℹ️ ASIN này hiện không có review hiển thị.
2026-03-09 06:49:09,878 - INFO -     [62/100] Đang lấy review cho ASIN: B01FJT7E4Q
2026-03-09 06:49:23,457 - WARNING - Retrying (Retry(total=2, connect=None, read=None, redirect=None, status=None)) after connection broken by 'ConnectionResetError(10054, 'An existing connection was forcibly closed by the remote host', None, 10054, None)': /session/b88b8c7f3cf691c53a95b28c984a7aed
