20:20:23 [INFO] Hệ thống khởi tạo thành công. Thư mục: D:\Hoctap_Code_PrivateProject\MiningMassiveData\craw_amazon\data_integrated
20:20:23 [INFO] 🚀 Hệ thống khởi tạo thành công. Kết quả sẽ lưu tại: D:\Hoctap_Code_PrivateProject\MiningMassiveData\craw_amazon\categories
20:20:23 [INFO] 📍 Đang thiết lập vùng địa lý US (Zip: 10001)...
20:20:33 [INFO] ✅ Đã chuyển vùng thành công.
20:20:33 [INFO] 📂 ĐANG XỬ LÝ DANH MỤC: ALL_LINKS_AMAZON | File: all_links_amazon.csv
20:20:34 [INFO] 🔎 Tìm thấy 10888 records.
20:20:34 [INFO]    🔹 [6001/10888] URL: https://www.amazon.com/dp/B0D6W5WKNX | Lần 1
20:20:45 [INFO]    🔹 [6002/10888] URL: https://www.amazon.com/dp/B0D7BQZZCN | Lần 1
20:20:59 [INFO]    🔹 [6003/10888] URL: https://www.amazon.com/dp/B0G2SHYSLL | Lần 1
20:21:09 [INFO]    🔹 [6004/10888] URL: https://www.amazon.com/dp/B0DKNRD42F | Lần 1
20:21:20 [INFO]    🔹 [6005/10888] URL: https://www.amazon.com/dp/B0DLBH932R | Lần 1
20:21:31 [INFO]    🔹 [6006/10888] URL: https://www.amazon.com/dp/B0CSXXP58F | Lần 1
20:21:43 [INFO]    🔹 [6007/10888] URL: https://www.amazon.com/dp/B0D3PKPZCK | Lần 1
20:22:03 [INFO]    🔹 [6008/10888] URL: https://www.amazon.com/dp/B0FBFM72F2 | Lần 1
20:22:16 [INFO]    🔹 [6009/10888] URL: https://www.amazon.com/dp/B0DK8JH743 | Lần 1
20:22:29 [INFO]    🔹 [6010/10888] URL: https://www.amazon.com/dp/B0D2K2JVWY | Lần 1
20:22:35 [INFO] 💾 Đã ghi 10 items vào all_links_amazon_details_2.jsonl
20:22:39 [INFO]    🔹 [6011/10888] URL: https://www.amazon.com/dp/B0DK4J3SKT | Lần 1
20:22:51 [INFO]    🔹 [6012/10888] URL: https://www.amazon.com/dp/B0FR4Y36ZV | Lần 1
20:23:01 [INFO]    🔹 [6013/10888] URL: https://www.amazon.com/dp/B0F7R8NMFM | Lần 1
20:23:12 [INFO]    🔹 [6014/10888] URL: https://www.amazon.com/dp/B0GK19BDKN | Lần 1
20:23:33 [INFO]    🔹 [6015/10888] URL: https://www.amazon.com/dp/B0D4P8XBD3 | Lần 1
20:23:43 [INFO]    🔹 [6016/10888] URL: https://www.amazon.com/dp/B0F7LHD2QP | Lần 1
20:23:53 [INFO]    🔹 [6017/10888] URL: https://www.amazon.com/dp/B0DF2SV144 | Lần 1
20:24:03 [INFO]    🔹 [6018/10888] URL: https://www.amazon.com/dp/B0GG9V86WV | Lần 1
20:24:13 [INFO]    🔹 [6019/10888] URL: https://www.amazon.com/dp/B0DG911449 | Lần 1
20:24:28 [INFO]    🔹 [6020/10888] URL: https://www.amazon.com/dp/B0DF285RDG | Lần 1
20:24:33 [INFO] 💾 Đã ghi 10 items vào all_links_amazon_details_2.jsonl
20:24:38 [INFO]    🔹 [6021/10888] URL: https://www.amazon.com/dp/B0CSKNXG4C | Lần 1
20:24:47 [INFO]    🔹 [6022/10888] URL: https://www.amazon.com/dp/B0DFMCXJCK | Lần 1
20:24:56 [INFO]    🔹 [6023/10888] URL: https://www.amazon.com/dp/B0DS1PWJHK | Lần 1
20:25:06 [INFO]    🔹 [6024/10888] URL: https://www.amazon.com/dp/B0D7HPZB4Y | Lần 1
20:25:18 [INFO]    🔹 [6025/10888] URL: https://www.amazon.com/dp/B0D5QP2LXS | Lần 1
20:25:29 [INFO]    🔹 [6026/10888] URL: https://www.amazon.com/dp/B0CSZ1ZBF1 | Lần 1
20:25:40 [INFO]    🔹 [6027/10888] URL: https://www.amazon.com/dp/B0DPMKYHPH | Lần 1
20:25:52 [INFO]    🔹 [6028/10888] URL: https://www.amazon.com/dp/B0DSPLKKZV | Lần 1
20:26:02 [INFO]    🔹 [6029/10888] URL: https://www.amazon.com/dp/B0FZ45M9RF | Lần 1
20:26:14 [INFO]    🔹 [6030/10888] URL: https://www.amazon.com/dp/B0DSK7XB46 | Lần 1
20:26:20 [INFO] 💾 Đã ghi 10 items vào all_links_amazon_details_2.jsonl
20:26:25 [INFO]    🔹 [6031/10888] URL: https://www.amazon.com/dp/B0CF2D2XSG | Lần 1
20:26:38 [INFO]    🔹 [6032/10888] URL: https://www.amazon.com/dp/B0FX217P7K | Lần 1
20:26:51 [INFO]    🔹 [6033/10888] URL: https://www.amazon.com/dp/B0FZB9XMPS | Lần 1
20:27:06 [INFO]    🔹 [6034/10888] URL: https://www.amazon.com/dp/B0FGPRWDFW | Lần 1
20:27:16 [INFO]    🔹 [6035/10888] URL: https://www.amazon.com/dp/B0G5PMW5RW | Lần 1
20:27:29 [INFO]    🔹 [6036/10888] URL: https://www.amazon.com/dp/B0G5PNTBP2 | Lần 1
20:27:37 [INFO]    🔹 [6037/10888] URL: https://www.amazon.com/dp/B0FGQB2KTH | Lần 1
20:27:49 [INFO]    🔹 [6038/10888] URL: https://www.amazon.com/dp/B0D7C4993V | Lần 1
20:27:58 [INFO]    🔹 [6039/10888] URL: https://www.amazon.com/dp/B0FZJKBXG8 | Lần 1
20:28:08 [INFO]    🔹 [6040/10888] URL: https://www.amazon.com/dp/B0DRCPSFW1 | Lần 1
20:28:14 [INFO] 💾 Đã ghi 10 items vào all_links_amazon_details_2.jsonl
20:28:18 [INFO]    🔹 [6041/10888] URL: https://www.amazon.com/dp/B0BTKJFRDV | Lần 1
20:28:27 [INFO]    🔹 [6042/10888] URL: https://www.amazon.com/dp/B0CN1RDB18 | Lần 1
20:28:36 [INFO]    🔹 [6043/10888] URL: https://www.amazon.com/dp/B0BW2T7WFK | Lần 1
20:28:46 [INFO]    🔹 [6044/10888] URL: https://www.amazon.com/dp/B0FDDM968S | Lần 1
20:28:57 [INFO]    🔹 [6045/10888] URL: https://www.amazon.com/dp/B0FC9F29VG | Lần 1
20:29:07 [INFO]    🔹 [6046/10888] URL: https://www.amazon.com/dp/B0FG8XLBJ6 | Lần 1
20:29:18 [INFO]    🔹 [6047/10888] URL: https://www.amazon.com/dp/B0CCQDXJC1 | Lần 1
20:29:29 [INFO]    🔹 [6048/10888] URL: https://www.amazon.com/dp/B0FG995QST | Lần 1
20:29:37 [INFO]    🔹 [6049/10888] URL: https://www.amazon.com/dp/B0GLG62JK2 | Lần 1
20:29:47 [INFO]    🔹 [6050/10888] URL: https://www.amazon.com/dp/B0F5WP8Y8G | Lần 1
20:29:54 [INFO] 💾 Đã ghi 10 items vào all_links_amazon_details_2.jsonl
20:29:58 [INFO]    🔹 [6051/10888] URL: https://www.amazon.com/dp/B0FFN1Y14R | Lần 1
20:30:08 [INFO]    🔹 [6052/10888] URL: https://www.amazon.com/dp/B0F544X9C5 | Lần 1
20:30:18 [INFO]    🔹 [6053/10888] URL: https://www.amazon.com/dp/B0DDXTPSGC | Lần 1
20:30:27 [INFO]    🔹 [6054/10888] URL: https://www.amazon.com/dp/B0FPR3BQ1H | Lần 1
20:30:39 [INFO]    🔹 [6055/10888] URL: https://www.amazon.com/dp/B0DMV9QJWR | Lần 1
20:30:50 [INFO]    🔹 [6056/10888] URL: https://www.amazon.com/dp/B0FCXZ3PTJ | Lần 1
20:31:01 [INFO]    🔹 [6057/10888] URL: https://www.amazon.com/dp/B0FVFKV6VC | Lần 1
20:31:14 [INFO]    🔹 [6058/10888] URL: https://www.amazon.com/dp/B0FCXZVYGN | Lần 1
20:31:25 [INFO]    🔹 [6059/10888] URL: https://www.amazon.com/dp/B0FP95S9XK | Lần 1
20:31:34 [INFO]    🔹 [6060/10888] URL: https://www.amazon.com/dp/B0FVFG7Z3N | Lần 1
20:31:44 [INFO] 💾 Đã ghi 10 items vào all_links_amazon_details_2.jsonl
20:31:48 [INFO]    🔹 [6061/10888] URL: https://www.amazon.com/dp/B0FCXZ17JQ | Lần 1
20:31:57 [INFO]    🔹 [6062/10888] URL: https://www.amazon.com/dp/B0G34JF9RF | Lần 1
20:32:11 [INFO]    🔹 [6063/10888] URL: https://www.amazon.com/dp/B0DR8B3WNR | Lần 1
20:32:22 [INFO]    🔹 [6064/10888] URL: https://www.amazon.com/dp/B0DDNPVBB3 | Lần 1
20:32:31 [INFO]    🔹 [6065/10888] URL: https://www.amazon.com/dp/B0DR89LYR5 | Lần 1
20:32:42 [INFO]    🔹 [6066/10888] URL: https://www.amazon.com/dp/B0DDNW5575 | Lần 1
20:32:51 [INFO]    🔹 [6067/10888] URL: https://www.amazon.com/dp/B0F29KYCG2 | Lần 1
20:33:01 [INFO]    🔹 [6068/10888] URL: https://www.amazon.com/dp/B0DR89MJWH | Lần 1
20:33:12 [INFO]    🔹 [6069/10888] URL: https://www.amazon.com/dp/B0F29CZC65 | Lần 1
20:33:22 [INFO]    🔹 [6070/10888] URL: https://www.amazon.com/dp/B0GWMLRYL3 | Lần 1
20:33:27 [INFO] 💾 Đã ghi 10 items vào all_links_amazon_details_2.jsonl
20:33:32 [INFO]    🔹 [6071/10888] URL: https://www.amazon.com/dp/B0GWTYB9WZ | Lần 1
20:33:41 [INFO]    🔹 [6072/10888] URL: https://www.amazon.com/dp/B0GWJR7S73 | Lần 1
20:33:50 [INFO]    🔹 [6073/10888] URL: https://www.amazon.com/dp/B0DB6WWNN8 | Lần 1
20:34:01 [INFO]    🔹 [6074/10888] URL: https://www.amazon.com/dp/B0F9KXH1PM | Lần 1
20:34:11 [INFO]    🔹 [6075/10888] URL: https://www.amazon.com/dp/B0FP4XXRPJ | Lần 1
20:34:22 [INFO]    🔹 [6076/10888] URL: https://www.amazon.com/dp/B0FWRNJBGX | Lần 1
20:34:33 [INFO]    🔹 [6077/10888] URL: https://www.amazon.com/dp/B0DJZ8SH7H | Lần 1
20:34:43 [INFO]    🔹 [6078/10888] URL: https://www.amazon.com/dp/B0DTH3SGZD | Lần 1
20:34:53 [INFO]    🔹 [6079/10888] URL: https://www.amazon.com/dp/B0FJ8BJY2F | Lần 1
20:35:03 [INFO]    🔹 [6080/10888] URL: https://www.amazon.com/dp/B0FGXYH7CN | Lần 1
20:35:08 [INFO] 💾 Đã ghi 10 items vào all_links_amazon_details_2.jsonl
20:35:13 [INFO]    🔹 [6081/10888] URL: https://www.amazon.com/dp/B0FHHF4P5S | Lần 1
20:35:22 [INFO]    🔹 [6082/10888] URL: https://www.amazon.com/dp/B0FFN4XLS5 | Lần 1
20:35:32 [INFO]    🔹 [6083/10888] URL: https://www.amazon.com/dp/B0FMY81V7D | Lần 1
20:35:42 [INFO]    🔹 [6084/10888] URL: https://www.amazon.com/dp/B0FK9QZV11 | Lần 1
20:35:53 [INFO]    🔹 [6085/10888] URL: https://www.amazon.com/dp/B0FFN5Q36B | Lần 1
20:36:03 [INFO]    🔹 [6086/10888] URL: https://www.amazon.com/dp/B0GL6ZJLSL | Lần 1
20:36:12 [INFO]    🔹 [6087/10888] URL: https://www.amazon.com/dp/B0FPLW976C | Lần 1
20:36:21 [INFO]    🔹 [6088/10888] URL: https://www.amazon.com/dp/B0FPWZQ7XL | Lần 1
20:36:31 [INFO]    🔹 [6089/10888] URL: https://www.amazon.com/dp/B0C4Z8RFY9 | Lần 1
20:36:40 [INFO]    🔹 [6090/10888] URL: https://www.amazon.com/dp/B0F62JJZW6 | Lần 1
20:36:46 [INFO] 💾 Đã ghi 10 items vào all_links_amazon_details_2.jsonl
20:36:50 [INFO]    🔹 [6091/10888] URL: https://www.amazon.com/dp/B0GWTNZYTP | Lần 1
20:37:00 [INFO]    🔹 [6092/10888] URL: https://www.amazon.com/dp/B0GWJ6V2NM | Lần 1
20:37:09 [INFO]    🔹 [6093/10888] URL: https://www.amazon.com/dp/B0GWTXJNQL | Lần 1
20:37:20 [INFO]    🔹 [6094/10888] URL: https://www.amazon.com/dp/B0FGD37YM1 | Lần 1
20:37:31 [INFO]    🔹 [6095/10888] URL: https://www.amazon.com/dp/B0FNWCZTZT | Lần 1
20:37:42 [INFO]    🔹 [6096/10888] URL: https://www.amazon.com/dp/B0FNRNK72C | Lần 1
20:37:54 [INFO]    🔹 [6097/10888] URL: https://www.amazon.com/dp/B0DS4N8YJT | Lần 1
20:38:04 [INFO]    🔹 [6098/10888] URL: https://www.amazon.com/dp/B0F5WCVSJT | Lần 1
20:38:18 [INFO]    🔹 [6099/10888] URL: https://www.amazon.com/dp/B0DGD72DK5 | Lần 1
20:38:29 [INFO]    🔹 [6100/10888] URL: https://www.amazon.com/dp/B0DGPNQY71 | Lần 1
20:38:37 [INFO] 💾 Đã ghi 10 items vào all_links_amazon_details_2.jsonl
20:38:42 [INFO]    🔹 [6101/10888] URL: https://www.amazon.com/dp/B0FPFVLT57 | Lần 1
20:38:53 [INFO]    🔹 [6102/10888] URL: https://www.amazon.com/dp/B0DPCRMXVC | Lần 1
20:39:03 [INFO]    🔹 [6103/10888] URL: https://www.amazon.com/dp/B0DPDFNQKZ | Lần 1
20:39:13 [INFO]    🔹 [6104/10888] URL: https://www.amazon.com/dp/B0FL77WBFN | Lần 1
20:39:25 [INFO]    🔹 [6105/10888] URL: https://www.amazon.com/dp/B0DSZQV1MB | Lần 1
20:39:34 [INFO]    🔹 [6106/10888] URL: https://www.amazon.com/dp/B0GL24MRRT | Lần 1
20:39:46 [INFO]    🔹 [6107/10888] URL: https://www.amazon.com/dp/B0GWTNQFHH | Lần 1
20:39:56 [INFO]    🔹 [6108/10888] URL: https://www.amazon.com/dp/B0B8YSL9RD | Lần 1
20:40:06 [INFO]    🔹 [6109/10888] URL: https://www.amazon.com/dp/B08LCPY1TR | Lần 1
20:40:18 [INFO]    🔹 [6110/10888] URL: https://www.amazon.com/dp/B0CXSDTS7G | Lần 1
20:40:24 [INFO] 💾 Đã ghi 10 items vào all_links_amazon_details_2.jsonl
20:40:28 [INFO]    🔹 [6111/10888] URL: https://www.amazon.com/dp/B0GWV1S5FD | Lần 1
20:40:37 [INFO]    🔹 [6112/10888] URL: https://www.amazon.com/dp/B0DWCC54F7 | Lần 1
20:40:49 [INFO]    🔹 [6113/10888] URL: https://www.amazon.com/dp/B0D682NVCK | Lần 1
20:41:01 [INFO]    🔹 [6114/10888] URL: https://www.amazon.com/dp/B0DPXWJW7L | Lần 1
20:41:11 [INFO]    🔹 [6115/10888] URL: https://www.amazon.com/dp/B0BXC41BTD | Lần 1
20:41:22 [INFO]    🔹 [6116/10888] URL: https://www.amazon.com/dp/B0FPFTPPYN | Lần 1
20:41:36 [INFO]    🔹 [6117/10888] URL: https://www.amazon.com/dp/B0GWTXGZK6 | Lần 1
20:41:46 [INFO]    🔹 [6118/10888] URL: https://www.amazon.com/dp/B0GWTYJ7XY | Lần 1
20:41:57 [INFO]    🔹 [6119/10888] URL: https://www.amazon.com/dp/B0GWTX5NXW | Lần 1
20:42:06 [INFO]    🔹 [6120/10888] URL: https://www.amazon.com/dp/B0F83RGKDV | Lần 1
20:42:18 [INFO] 💾 Đã ghi 10 items vào all_links_amazon_details_2.jsonl
20:42:22 [INFO]    🔹 [6121/10888] URL: https://www.amazon.com/dp/B0GL7NDJ4Y | Lần 1
20:42:36 [INFO]    🔹 [6122/10888] URL: https://www.amazon.com/dp/B0GWTTWMCW | Lần 1
20:42:46 [INFO]    🔹 [6123/10888] URL: https://www.amazon.com/dp/B0GWV39TVT | Lần 1
20:42:56 [INFO]    🔹 [6124/10888] URL: https://www.amazon.com/dp/B0FKKDSTMX | Lần 1
20:43:05 [INFO]    🔹 [6125/10888] URL: https://www.amazon.com/dp/B0FKKFG6LT | Lần 1
20:43:16 [INFO]    🔹 [6126/10888] URL: https://www.amazon.com/dp/B0FKKM9DVL | Lần 1
20:43:25 [INFO]    🔹 [6127/10888] URL: https://www.amazon.com/dp/B0DB995J8X | Lần 1
20:43:36 [INFO]    🔹 [6128/10888] URL: https://www.amazon.com/dp/B0FTT4VH34 | Lần 1
20:43:47 [INFO]    🔹 [6129/10888] URL: https://www.amazon.com/dp/B0DZBM59JV | Lần 1
20:43:59 [INFO]    🔹 [6130/10888] URL: https://www.amazon.com/dp/B0FTT5JPSB | Lần 1
20:44:06 [INFO] 💾 Đã ghi 10 items vào all_links_amazon_details_2.jsonl
20:44:09 [INFO]    🔹 [6131/10888] URL: https://www.amazon.com/dp/B0F5WLDGLN | Lần 1
20:44:23 [INFO]    🔹 [6132/10888] URL: https://www.amazon.com/dp/B0F5VLWQY6 | Lần 1
20:44:36 [INFO]    🔹 [6133/10888] URL: https://www.amazon.com/dp/B0FNPSLCFL | Lần 1
20:44:49 [INFO]    🔹 [6134/10888] URL: https://www.amazon.com/dp/B0DR9LFNGX | Lần 1
20:44:59 [INFO]    🔹 [6135/10888] URL: https://www.amazon.com/dp/B0DR9NCZ92 | Lần 1
20:45:11 [INFO]    🔹 [6136/10888] URL: https://www.amazon.com/dp/B0DS6JLPZW | Lần 1
20:45:21 [INFO]    🔹 [6137/10888] URL: https://www.amazon.com/dp/B0F8DY4QKQ | Lần 1
20:45:34 [INFO]    🔹 [6138/10888] URL: https://www.amazon.com/dp/B0CP6HW894 | Lần 1
20:45:46 [INFO]    🔹 [6139/10888] URL: https://www.amazon.com/dp/B0DHJ8B7TP | Lần 1
20:45:57 [INFO]    🔹 [6140/10888] URL: https://www.amazon.com/dp/B0DHJBWY52 | Lần 1
20:46:03 [INFO] 💾 Đã ghi 10 items vào all_links_amazon_details_2.jsonl
20:46:08 [INFO]    🔹 [6141/10888] URL: https://www.amazon.com/dp/B0DY2YQ439 | Lần 1
20:46:18 [INFO]    🔹 [6142/10888] URL: https://www.amazon.com/dp/B0DVM3BJHK | Lần 1
20:46:30 [INFO]    🔹 [6143/10888] URL: https://www.amazon.com/dp/B0CDQM55C9 | Lần 1
20:46:42 [INFO]    🔹 [6144/10888] URL: https://www.amazon.com/dp/B0CQSWWGL2 | Lần 1
20:46:53 [INFO]    🔹 [6145/10888] URL: https://www.amazon.com/dp/B0DXQCWF8Y | Lần 1
20:47:04 [INFO]    🔹 [6146/10888] URL: https://www.amazon.com/dp/B0BLF2RWNV | Lần 1
20:47:17 [INFO]    🔹 [6147/10888] URL: https://www.amazon.com/dp/B0CZPLQZ8P | Lần 1
20:47:28 [INFO]    🔹 [6148/10888] URL: https://www.amazon.com/dp/B0CW7TM2FR | Lần 1
20:47:39 [INFO]    🔹 [6149/10888] URL: https://www.amazon.com/dp/B0F8F3LKY2 | Lần 1
20:47:51 [INFO]    🔹 [6150/10888] URL: https://www.amazon.com/dp/B0FJYNKQ5T | Lần 1
20:47:59 [INFO] 💾 Đã ghi 10 items vào all_links_amazon_details_2.jsonl
20:48:02 [INFO]    🔹 [6151/10888] URL: https://www.amazon.com/dp/B0DR9QNRWY | Lần 1
20:48:13 [INFO]    🔹 [6152/10888] URL: https://www.amazon.com/dp/B0CDQMQQS2 | Lần 1
20:48:24 [INFO]    🔹 [6153/10888] URL: https://www.amazon.com/dp/B0DB9L4KJZ | Lần 1
20:48:37 [INFO]    🔹 [6154/10888] URL: https://www.amazon.com/dp/B0D1DCXC5T | Lần 1
20:48:48 [INFO]    🔹 [6155/10888] URL: https://www.amazon.com/dp/B0D1DPFZLZ | Lần 1
20:49:01 [INFO]    🔹 [6156/10888] URL: https://www.amazon.com/dp/B0GDSC8K2H | Lần 1
20:49:11 [INFO]    🔹 [6157/10888] URL: https://www.amazon.com/dp/B08FF3F5HR | Lần 1
20:49:22 [INFO]    🔹 [6158/10888] URL: https://www.amazon.com/dp/B0B45998BM | Lần 1
20:49:33 [INFO]    🔹 [6159/10888] URL: https://www.amazon.com/dp/B0CRGJF7WL | Lần 1
20:49:47 [INFO]    🔹 [6160/10888] URL: https://www.amazon.com/dp/B0D1DW1Z73 | Lần 1
20:49:54 [INFO] 💾 Đã ghi 10 items vào all_links_amazon_details_2.jsonl
20:49:59 [INFO]    🔹 [6161/10888] URL: https://www.amazon.com/dp/B0GQSVZJYD | Lần 1
20:50:08 [INFO]    🔹 [6162/10888] URL: https://www.amazon.com/dp/B0F5W4R2DM | Lần 1
20:50:25 [INFO]    🔹 [6163/10888] URL: https://www.amazon.com/dp/B0F7J1Y6FN | Lần 1
20:50:37 [INFO]    🔹 [6164/10888] URL: https://www.amazon.com/dp/B0FL3VMKLH | Lần 1
20:50:47 [INFO]    🔹 [6165/10888] URL: https://www.amazon.com/dp/B0F1ZBTZCS | Lần 1
20:51:00 [INFO]    🔹 [6166/10888] URL: https://www.amazon.com/dp/B0F1ZB8BTS | Lần 1
20:51:11 [INFO]    🔹 [6167/10888] URL: https://www.amazon.com/dp/B0F233D6W1 | Lần 1
20:51:24 [INFO]    🔹 [6168/10888] URL: https://www.amazon.com/dp/B07WQ4FXY9 | Lần 1
20:51:35 [INFO]    🔹 [6169/10888] URL: https://www.amazon.com/dp/B0BHKCQBMN | Lần 1
20:51:47 [INFO]    🔹 [6170/10888] URL: https://www.amazon.com/dp/B0F23489VK | Lần 1
20:51:54 [INFO] 💾 Đã ghi 10 items vào all_links_amazon_details_2.jsonl
20:51:59 [INFO]    🔹 [6171/10888] URL: https://www.amazon.com/dp/B0CLWXSM7S | Lần 1
20:52:10 [INFO]    🔹 [6172/10888] URL: https://www.amazon.com/dp/B0CXS73LRP | Lần 1
20:52:21 [INFO]    🔹 [6173/10888] URL: https://www.amazon.com/dp/B0DHG1GTG2 | Lần 1
20:52:33 [INFO]    🔹 [6174/10888] URL: https://www.amazon.com/dp/B08K2DSMJV | Lần 1
20:52:45 [INFO]    🔹 [6175/10888] URL: https://www.amazon.com/dp/B0DG1M1JKL | Lần 1
20:52:56 [INFO]    🔹 [6176/10888] URL: https://www.amazon.com/dp/B09JFGMV7F | Lần 1
20:53:06 [INFO]    🔹 [6177/10888] URL: https://www.amazon.com/dp/B071KHHDNK | Lần 1
20:53:16 [INFO]    🔹 [6178/10888] URL: https://www.amazon.com/dp/B0CV26XVMD | Lần 1
20:53:31 [INFO]    🔹 [6179/10888] URL: https://www.amazon.com/dp/B0D7NSZRJW | Lần 1
20:53:43 [INFO]    🔹 [6180/10888] URL: https://www.amazon.com/dp/B0F73CKR9D | Lần 1
20:53:51 [INFO] 💾 Đã ghi 10 items vào all_links_amazon_details_2.jsonl
20:53:55 [INFO]    🔹 [6181/10888] URL: https://www.amazon.com/dp/B09XJN41PT | Lần 1
20:54:06 [INFO]    🔹 [6182/10888] URL: https://www.amazon.com/dp/B0DM6S4FMH | Lần 1
20:54:19 [INFO]    🔹 [6183/10888] URL: https://www.amazon.com/dp/B0BFC8J7QZ | Lần 1
20:54:32 [INFO]    🔹 [6184/10888] URL: https://www.amazon.com/dp/B0BHKSHF66 | Lần 1
20:54:45 [INFO]    🔹 [6185/10888] URL: https://www.amazon.com/dp/B0CZWJFMKG | Lần 1
20:54:57 [INFO]    🔹 [6186/10888] URL: https://www.amazon.com/dp/B09XJN7ZJR | Lần 1
20:55:08 [INFO]    🔹 [6187/10888] URL: https://www.amazon.com/dp/B0C7G6F8BY | Lần 1
20:55:21 [INFO]    🔹 [6188/10888] URL: https://www.amazon.com/dp/B085HLDX1Z | Lần 1
20:55:33 [INFO]    🔹 [6189/10888] URL: https://www.amazon.com/dp/B0CPFYVPBG | Lần 1
20:55:45 [INFO]    🔹 [6190/10888] URL: https://www.amazon.com/dp/B071S84ZW7 | Lần 1
20:55:53 [INFO] 💾 Đã ghi 10 items vào all_links_amazon_details_2.jsonl
20:55:58 [INFO]    🔹 [6191/10888] URL: https://www.amazon.com/dp/B0CVSLLGH4 | Lần 1
20:56:10 [INFO]    🔹 [6192/10888] URL: https://www.amazon.com/dp/B0DM6RWJDV | Lần 1
20:56:22 [INFO]    🔹 [6193/10888] URL: https://www.amazon.com/dp/B0CV23K739 | Lần 1
20:56:34 [INFO]    🔹 [6194/10888] URL: https://www.amazon.com/dp/B0CHN4JZT8 | Lần 1
20:56:47 [INFO]    🔹 [6195/10888] URL: https://www.amazon.com/dp/B0CLWR61F8 | Lần 1
20:56:58 [INFO]    🔹 [6196/10888] URL: https://www.amazon.com/dp/B0DQ9MMZVV | Lần 1
20:57:09 [INFO]    🔹 [6197/10888] URL: https://www.amazon.com/dp/B07TNM8L6S | Lần 1
20:57:22 [INFO]    🔹 [6198/10888] URL: https://www.amazon.com/dp/B08LCMYT54 | Lần 1
20:57:34 [INFO]    🔹 [6199/10888] URL: https://www.amazon.com/dp/B0FP16G94B | Lần 1
20:57:46 [INFO]    🔹 [6200/10888] URL: https://www.amazon.com/dp/B0CZWM44QP | Lần 1
20:57:57 [INFO] 💾 Đã ghi 10 items vào all_links_amazon_details_2.jsonl
20:58:00 [INFO]    🔹 [6201/10888] URL: https://www.amazon.com/dp/B0DM6SHQTN | Lần 1
20:58:12 [INFO]    🔹 [6202/10888] URL: https://www.amazon.com/dp/B0FP11PC4F | Lần 1
20:58:25 [INFO]    🔹 [6203/10888] URL: https://www.amazon.com/dp/B00B2HH7G0 | Lần 1
20:58:35 [INFO]    🔹 [6204/10888] URL: https://www.amazon.com/dp/B0BZR83GZT | Lần 1
20:58:48 [INFO]    🔹 [6205/10888] URL: https://www.amazon.com/dp/B0CP7TNX8C | Lần 1
20:59:01 [INFO]    🔹 [6206/10888] URL: https://www.amazon.com/dp/B0D6C5PTXP | Lần 1
20:59:12 [INFO]    🔹 [6207/10888] URL: https://www.amazon.com/dp/B0DM6SHLVM | Lần 1
20:59:24 [INFO]    🔹 [6208/10888] URL: https://www.amazon.com/dp/B09XJQC3CY | Lần 1
20:59:36 [INFO]    🔹 [6209/10888] URL: https://www.amazon.com/dp/B0DM6R81YS | Lần 1
20:59:49 [INFO]    🔹 [6210/10888] URL: https://www.amazon.com/dp/B07Z8TC28F | Lần 1
20:59:57 [INFO] 💾 Đã ghi 10 items vào all_links_amazon_details_2.jsonl
21:00:02 [INFO]    🔹 [6211/10888] URL: https://www.amazon.com/dp/B0B5YD1NDF | Lần 1
21:00:13 [INFO]    🔹 [6212/10888] URL: https://www.amazon.com/dp/B0F72R4KLC | Lần 1
21:00:24 [INFO]    🔹 [6213/10888] URL: https://www.amazon.com/dp/B0CVSL2KKW | Lần 1
21:00:37 [INFO]    🔹 [6214/10888] URL: https://www.amazon.com/dp/B0F73CV58N | Lần 1
21:00:48 [INFO]    🔹 [6215/10888] URL: https://www.amazon.com/dp/B091D61MRH | Lần 1
21:00:59 [INFO]    🔹 [6216/10888] URL: https://www.amazon.com/dp/B0997NRZ3F | Lần 1
21:01:11 [INFO]    🔹 [6217/10888] URL: https://www.amazon.com/dp/B07XV1519W | Lần 1
21:01:22 [INFO]    🔹 [6218/10888] URL: https://www.amazon.com/dp/B0966YYP65 | Lần 1
21:01:35 [INFO]    🔹 [6219/10888] URL: https://www.amazon.com/dp/B08C5MMQBZ | Lần 1
21:01:49 [INFO]    🔹 [6220/10888] URL: https://www.amazon.com/dp/B0CGGLZ8YT | Lần 1
21:01:57 [INFO] 💾 Đã ghi 10 items vào all_links_amazon_details_2.jsonl
21:02:01 [INFO]    🔹 [6221/10888] URL: https://www.amazon.com/dp/B0CVSLQSG2 | Lần 1
21:02:14 [INFO]    🔹 [6222/10888] URL: https://www.amazon.com/dp/B09XJNMVCK | Lần 1
21:02:27 [INFO]    🔹 [6223/10888] URL: https://www.amazon.com/dp/B0DHFX4MPQ | Lần 1
21:02:38 [INFO]    🔹 [6224/10888] URL: https://www.amazon.com/dp/B0DG1TP9RY | Lần 1
21:02:50 [INFO]    🔹 [6225/10888] URL: https://www.amazon.com/dp/B0CC828QV7 | Lần 1
21:03:01 [INFO]    🔹 [6226/10888] URL: https://www.amazon.com/dp/B08C63NR1V | Lần 1
21:03:13 [INFO]    🔹 [6227/10888] URL: https://www.amazon.com/dp/B0CVSM6T4J | Lần 1
21:03:23 [INFO]    🔹 [6228/10888] URL: https://www.amazon.com/dp/B0DG1H9GXL | Lần 1
21:03:33 [INFO]    🔹 [6229/10888] URL: https://www.amazon.com/dp/B0DHFMY92G | Lần 1
21:03:44 [INFO]    🔹 [6230/10888] URL: https://www.amazon.com/dp/B0CQPG9T3J | Lần 1
21:03:51 [INFO] 💾 Đã ghi 10 items vào all_links_amazon_details_2.jsonl
21:03:55 [INFO]    🔹 [6231/10888] URL: https://www.amazon.com/dp/B088MKF848 | Lần 1
21:04:16 [INFO]    🔹 [6232/10888] URL: https://www.amazon.com/dp/B0BTK1C533 | Lần 1
21:04:27 [INFO]    🔹 [6233/10888] URL: https://www.amazon.com/dp/B0FX8FD62M | Lần 1
21:04:38 [INFO]    🔹 [6234/10888] URL: https://www.amazon.com/dp/B088BC5HMM | Lần 1
21:04:49 [INFO]    🔹 [6235/10888] URL: https://www.amazon.com/dp/B0G31R3TTD | Lần 1
21:05:01 [INFO]    🔹 [6236/10888] URL: https://www.amazon.com/dp/B0D6C6F2L8 | Lần 1
21:05:13 [INFO]    🔹 [6237/10888] URL: https://www.amazon.com/dp/B0F23LR6JQ | Lần 1
21:05:46 [INFO]    🔹 [6238/10888] URL: https://www.amazon.com/dp/B0D23BYB66 | Lần 1
21:06:02 [INFO]    🔹 [6239/10888] URL: https://www.amazon.com/dp/B0CC85MCC6 | Lần 1
21:06:15 [INFO]    🔹 [6240/10888] URL: https://www.amazon.com/dp/B091D4CRTP | Lần 1
21:06:25 [INFO] 💾 Đã ghi 10 items vào all_links_amazon_details_2.jsonl
21:06:29 [INFO]    🔹 [6241/10888] URL: https://www.amazon.com/dp/B0CKGR3M22 | Lần 1
21:06:41 [INFO]    🔹 [6242/10888] URL: https://www.amazon.com/dp/B0CHN41SRH | Lần 1
21:06:52 [INFO]    🔹 [6243/10888] URL: https://www.amazon.com/dp/B0BQPYD97X | Lần 1
21:07:03 [INFO]    🔹 [6244/10888] URL: https://www.amazon.com/dp/B0CVSM1XFX | Lần 1
21:07:13 [INFO]    🔹 [6245/10888] URL: https://www.amazon.com/dp/B0C7BMTX7Y | Lần 1
21:07:25 [INFO]    🔹 [6246/10888] URL: https://www.amazon.com/dp/B082BYRR3L | Lần 1
21:07:37 [INFO]    🔹 [6247/10888] URL: https://www.amazon.com/dp/B0CV1V12R7 | Lần 1
21:07:47 [INFO]    🔹 [6248/10888] URL: https://www.amazon.com/dp/B0F72ZCGWB | Lần 1
21:07:58 [INFO]    🔹 [6249/10888] URL: https://www.amazon.com/dp/B0F732L2Q8 | Lần 1
21:08:10 [INFO]    🔹 [6250/10888] URL: https://www.amazon.com/dp/B0DM6R7XW3 | Lần 1
21:08:17 [INFO] 💾 Đã ghi 10 items vào all_links_amazon_details_2.jsonl
21:08:20 [INFO]    🔹 [6251/10888] URL: https://www.amazon.com/dp/B0DM6RWRQC | Lần 1
21:08:33 [INFO]    🔹 [6252/10888] URL: https://www.amazon.com/dp/B0CV236YSW | Lần 1
21:08:45 [INFO]    🔹 [6253/10888] URL: https://www.amazon.com/dp/B0D6C4316S | Lần 1
21:08:56 [INFO]    🔹 [6254/10888] URL: https://www.amazon.com/dp/B0CZWJG5GZ | Lần 1
21:09:07 [INFO]    🔹 [6255/10888] URL: https://www.amazon.com/dp/B09B8WLYGD | Lần 1
21:09:17 [INFO]    🔹 [6256/10888] URL: https://www.amazon.com/dp/B0F84Z4GM8 | Lần 1
21:09:29 [INFO]    🔹 [6257/10888] URL: https://www.amazon.com/dp/B08C5MGFXQ | Lần 1
21:09:41 [INFO]    🔹 [6258/10888] URL: https://www.amazon.com/dp/B09F9WVYTY | Lần 1
21:09:53 [INFO]    🔹 [6259/10888] URL: https://www.amazon.com/dp/B0CYPGD4ZV | Lần 1
21:10:04 [INFO]    🔹 [6260/10888] URL: https://www.amazon.com/dp/B0D6CF6M2M | Lần 1
21:10:12 [INFO] 💾 Đã ghi 10 items vào all_links_amazon_details_2.jsonl
21:10:16 [INFO]    🔹 [6261/10888] URL: https://www.amazon.com/dp/B099PHX5XP | Lần 1
21:10:27 [INFO]    🔹 [6262/10888] URL: https://www.amazon.com/dp/B0DM6TBT9F | Lần 1
21:10:38 [INFO]    🔹 [6263/10888] URL: https://www.amazon.com/dp/B09TV5RSNK | Lần 1
21:10:50 [INFO]    🔹 [6264/10888] URL: https://www.amazon.com/dp/B0F23BB8TW | Lần 1
21:11:01 [INFO]    🔹 [6265/10888] URL: https://www.amazon.com/dp/B09568W9GS | Lần 1
21:11:13 [INFO]    🔹 [6266/10888] URL: https://www.amazon.com/dp/B09XJN8KS7 | Lần 1
21:11:23 [INFO]    🔹 [6267/10888] URL: https://www.amazon.com/dp/B099PJ8SPT | Lần 1
21:11:33 [INFO]    🔹 [6268/10888] URL: https://www.amazon.com/dp/B0CV2H4179 | Lần 1
21:11:43 [INFO]    🔹 [6269/10888] URL: https://www.amazon.com/dp/B0C7BBG2QB | Lần 1
21:11:56 [INFO]    🔹 [6270/10888] URL: https://www.amazon.com/dp/B088MKHW7M | Lần 1
21:12:03 [INFO] 💾 Đã ghi 10 items vào all_links_amazon_details_2.jsonl
21:12:07 [INFO]    🔹 [6271/10888] URL: https://www.amazon.com/dp/B09JFH27XG | Lần 1
21:12:17 [INFO]    🔹 [6272/10888] URL: https://www.amazon.com/dp/B0D6C9MXPZ | Lần 1
21:12:28 [INFO]    🔹 [6273/10888] URL: https://www.amazon.com/dp/B0G31WGV6J | Lần 1
21:12:39 [INFO]    🔹 [6274/10888] URL: https://www.amazon.com/dp/B07PZR2YY4 | Lần 1
21:12:50 [INFO]    🔹 [6275/10888] URL: https://www.amazon.com/dp/B0D12GYW46 | Lần 1
21:13:00 [INFO]    🔹 [6276/10888] URL: https://www.amazon.com/dp/B0F237NSVQ | Lần 1
21:13:12 [INFO]    🔹 [6277/10888] URL: https://www.amazon.com/dp/B09GP7NVHK | Lần 1
21:13:23 [INFO]    🔹 [6278/10888] URL: https://www.amazon.com/dp/B0CZWRK33C | Lần 1
21:13:34 [INFO]    🔹 [6279/10888] URL: https://www.amazon.com/dp/B0829S7178 | Lần 1
21:13:45 [INFO]    🔹 [6280/10888] URL: https://www.amazon.com/dp/B0BQPZYKH1 | Lần 1
21:13:53 [INFO] 💾 Đã ghi 10 items vào all_links_amazon_details_2.jsonl
21:13:58 [INFO]    🔹 [6281/10888] URL: https://www.amazon.com/dp/B0F2349MJT | Lần 1
21:14:08 [INFO]    🔹 [6282/10888] URL: https://www.amazon.com/dp/B0CV21WBRJ | Lần 1
21:14:18 [INFO]    🔹 [6283/10888] URL: https://www.amazon.com/dp/B088BC7QKY | Lần 1
21:14:30 [INFO]    🔹 [6284/10888] URL: https://www.amazon.com/dp/B0F23ZSXPK | Lần 1
21:14:39 [INFO]    🔹 [6285/10888] URL: https://www.amazon.com/dp/B0FS1N78N4 | Lần 1
21:14:53 [INFO]    🔹 [6286/10888] URL: https://www.amazon.com/dp/B0BQQ7H8TZ | Lần 1
21:15:07 [INFO]    🔹 [6287/10888] URL: https://www.amazon.com/dp/B0GDYDM815 | Lần 1
21:15:36 [INFO]    🔹 [6288/10888] URL: https://www.amazon.com/dp/B0966YMVMB | Lần 1
21:15:47 [INFO]    🔹 [6289/10888] URL: https://www.amazon.com/dp/B0FTST9CDT | Lần 1
21:15:58 [INFO]    🔹 [6290/10888] URL: https://www.amazon.com/dp/B081SGZX1X | Lần 1
21:16:07 [INFO] 💾 Đã ghi 10 items vào all_links_amazon_details_2.jsonl
21:16:11 [INFO]    🔹 [6291/10888] URL: https://www.amazon.com/dp/B0BQPRLP1T | Lần 1
21:16:23 [INFO]    🔹 [6292/10888] URL: https://www.amazon.com/dp/B0BZR6ZNB5 | Lần 1
21:16:34 [INFO]    🔹 [6293/10888] URL: https://www.amazon.com/dp/B09FNVF8DF | Lần 1
21:16:46 [INFO]    🔹 [6294/10888] URL: https://www.amazon.com/dp/B0CXS85ZS4 | Lần 1
21:16:58 [INFO]    🔹 [6295/10888] URL: https://www.amazon.com/dp/B0D7NZHH2K | Lần 1
21:17:09 [INFO]    🔹 [6296/10888] URL: https://www.amazon.com/dp/B0CZWZKQP3 | Lần 1
21:17:21 [INFO]    🔹 [6297/10888] URL: https://www.amazon.com/dp/B07KXHTRT5 | Lần 1
21:17:31 [INFO]    🔹 [6298/10888] URL: https://www.amazon.com/dp/B0CZWLV1SD | Lần 1
21:17:43 [INFO]    🔹 [6299/10888] URL: https://www.amazon.com/dp/B0D7KY4RH9 | Lần 1
21:17:53 [INFO]    🔹 [6300/10888] URL: https://www.amazon.com/dp/B0CV28KKKK | Lần 1
21:18:01 [INFO] 💾 Đã ghi 10 items vào all_links_amazon_details_2.jsonl
21:18:04 [INFO]    🔹 [6301/10888] URL: https://www.amazon.com/dp/B09JFGJD78 | Lần 1
21:18:15 [INFO]    🔹 [6302/10888] URL: https://www.amazon.com/dp/B07P619NXM | Lần 1
21:18:28 [INFO]    🔹 [6303/10888] URL: https://www.amazon.com/dp/B0F72VG29X | Lần 1
21:18:38 [INFO]    🔹 [6304/10888] URL: https://www.amazon.com/dp/B0FP152SJW | Lần 1
21:18:49 [INFO]    🔹 [6305/10888] URL: https://www.amazon.com/dp/B0DFZZHK6X | Lần 1
21:19:00 [INFO]    🔹 [6306/10888] URL: https://www.amazon.com/dp/B0DFZVST1H | Lần 1
21:19:10 [INFO]    🔹 [6307/10888] URL: https://www.amazon.com/dp/B0FLLKBNY7 | Lần 1
21:19:26 [INFO]    🔹 [6308/10888] URL: https://www.amazon.com/dp/B0FLL3L9JG | Lần 1
21:19:38 [INFO]    🔹 [6309/10888] URL: https://www.amazon.com/dp/B0DSTPTMNS | Lần 1
21:19:49 [INFO]    🔹 [6310/10888] URL: https://www.amazon.com/dp/B0C63HDHPR | Lần 1
21:19:57 [INFO] 💾 Đã ghi 10 items vào all_links_amazon_details_2.jsonl
21:20:01 [INFO]    🔹 [6311/10888] URL: https://www.amazon.com/dp/B0FVX4PG5C | Lần 1
21:20:13 [INFO]    🔹 [6312/10888] URL: https://www.amazon.com/dp/B0CMC2FZFD | Lần 1
21:20:23 [INFO]    🔹 [6313/10888] URL: https://www.amazon.com/dp/B0CSGWXVBN | Lần 1
21:20:35 [INFO]    🔹 [6314/10888] URL: https://www.amazon.com/dp/B0FNQ4B2Z2 | Lần 1
21:20:47 [INFO]    🔹 [6315/10888] URL: https://www.amazon.com/dp/B0F6G2NRDL | Lần 1
21:20:59 [INFO]    🔹 [6316/10888] URL: https://www.amazon.com/dp/B0CX5N4BDJ | Lần 1
21:21:09 [INFO]    🔹 [6317/10888] URL: https://www.amazon.com/dp/B0G4TW3LZB | Lần 1
21:21:20 [INFO]    🔹 [6318/10888] URL: https://www.amazon.com/dp/B0D5CBHKXG | Lần 1
21:21:31 [INFO]    🔹 [6319/10888] URL: https://www.amazon.com/dp/B0DNSHN2Y9 | Lần 1
21:21:42 [INFO]    🔹 [6320/10888] URL: https://www.amazon.com/dp/B0FQ57NH2X | Lần 1
21:21:50 [INFO] 💾 Đã ghi 10 items vào all_links_amazon_details_2.jsonl
21:21:54 [INFO]    🔹 [6321/10888] URL: https://www.amazon.com/dp/B0G5R2QK24 | Lần 1
21:22:07 [INFO]    🔹 [6322/10888] URL: https://www.amazon.com/dp/B0FLM15Q5L | Lần 1
21:22:19 [INFO]    🔹 [6323/10888] URL: https://www.amazon.com/dp/B08LLD2QXJ | Lần 1
21:22:32 [INFO]    🔹 [6324/10888] URL: https://www.amazon.com/dp/B0FR547FXH | Lần 1
21:22:44 [INFO]    🔹 [6325/10888] URL: https://www.amazon.com/dp/B0FHWYXFSF | Lần 1
21:22:57 [INFO]    🔹 [6326/10888] URL: https://www.amazon.com/dp/B0FDC84LWV | Lần 1
21:23:08 [INFO]    🔹 [6327/10888] URL: https://www.amazon.com/dp/B0D685SYKN | Lần 1
21:23:19 [INFO]    🔹 [6328/10888] URL: https://www.amazon.com/dp/B0CV1WNF1Q | Lần 1
21:23:30 [INFO]    🔹 [6329/10888] URL: https://www.amazon.com/dp/B0DMPTN8DG | Lần 1
21:23:43 [INFO]    🔹 [6330/10888] URL: https://www.amazon.com/dp/B0CNFK3RLV | Lần 1
21:23:50 [INFO] 💾 Đã ghi 10 items vào all_links_amazon_details_2.jsonl
21:23:54 [INFO]    🔹 [6331/10888] URL: https://www.amazon.com/dp/B0FMYWN9KZ | Lần 1
21:24:07 [INFO]    🔹 [6332/10888] URL: https://www.amazon.com/dp/B0FDC85CGL | Lần 1
21:24:18 [INFO]    🔹 [6333/10888] URL: https://www.amazon.com/dp/B0B928B6BC | Lần 1
21:24:19 [WARNING] ⚠️ CAPTCHA! Restart driver...
21:24:24 [INFO] 📍 Đang thiết lập vùng địa lý US (Zip: 10001)...
21:24:34 [INFO] ✅ Đã chuyển vùng thành công.
21:24:34 [INFO]    🔹 [6333/10888] URL: https://www.amazon.com/dp/B0B928B6BC | Lần 2
21:24:34 [WARNING] ⚠️ CAPTCHA! Restart driver...
21:24:39 [INFO] 📍 Đang thiết lập vùng địa lý US (Zip: 10001)...
21:24:46 [INFO] ✅ Đã chuyển vùng thành công.
21:24:46 [INFO]    🔹 [6333/10888] URL: https://www.amazon.com/dp/B0B928B6BC | Lần 3
21:24:47 [WARNING] ⚠️ CAPTCHA! Restart driver...
21:24:52 [INFO] 📍 Đang thiết lập vùng địa lý US (Zip: 10001)...
21:25:05 [INFO] ✅ Đã chuyển vùng thành công.
21:25:09 [INFO]    🔹 [6334/10888] URL: https://www.amazon.com/dp/B0CV1Y7NLT | Lần 1
21:25:23 [INFO]    🔹 [6335/10888] URL: https://www.amazon.com/dp/B0FLQNQ813 | Lần 1
21:25:19 [INFO]    🔹 [6336/10888] URL: https://www.amazon.com/dp/B0FHLN6M8Y | Lần 1
21:25:29 [INFO]    🔹 [6337/10888] URL: https://www.amazon.com/dp/B0F7HVR3TQ | Lần 1
21:25:38 [INFO]    🔹 [6338/10888] URL: https://www.amazon.com/dp/B0G3T8WGWN | Lần 1
21:25:48 [INFO]    🔹 [6339/10888] URL: https://www.amazon.com/dp/B0CZ7P8P4C | Lần 1
21:26:00 [INFO]    🔹 [6340/10888] URL: https://www.amazon.com/dp/B0FKNFHZH9 | Lần 1
21:26:11 [INFO]    🔹 [6341/10888] URL: https://www.amazon.com/dp/B0DLP9JPR3 | Lần 1
21:26:18 [INFO] 💾 Đã ghi 10 items vào all_links_amazon_details_2.jsonl
21:26:21 [INFO]    🔹 [6342/10888] URL: https://www.amazon.com/dp/B08R7PQ4JW | Lần 1
21:26:33 [INFO]    🔹 [6343/10888] URL: https://www.amazon.com/dp/B0CRF7J5S7 | Lần 1
21:26:44 [INFO]    🔹 [6344/10888] URL: https://www.amazon.com/dp/B0CRJT6TKC | Lần 1
21:26:55 [INFO]    🔹 [6345/10888] URL: https://www.amazon.com/dp/B0CJQ7V6M8 | Lần 1
21:27:06 [INFO]    🔹 [6346/10888] URL: https://www.amazon.com/dp/B0CJVK87Y7 | Lần 1
21:27:16 [INFO]    🔹 [6347/10888] URL: https://www.amazon.com/dp/B0C9JN5TDZ | Lần 1
21:27:28 [INFO]    🔹 [6348/10888] URL: https://www.amazon.com/dp/B0D2LV8LT5 | Lần 1
21:27:37 [INFO]    🔹 [6349/10888] URL: https://www.amazon.com/dp/B0DT1H7NDS | Lần 1
21:27:49 [INFO]    🔹 [6350/10888] URL: https://www.amazon.com/dp/B0FSB6WX8J | Lần 1
21:27:58 [INFO]    🔹 [6351/10888] URL: https://www.amazon.com/dp/B0FJRPQ668 | Lần 1
21:28:05 [INFO] 💾 Đã ghi 10 items vào all_links_amazon_details_2.jsonl
21:28:10 [INFO]    🔹 [6352/10888] URL: https://www.amazon.com/dp/B0FSBW8F96 | Lần 1
21:28:21 [INFO]    🔹 [6353/10888] URL: https://www.amazon.com/dp/B0F6VC7DT1 | Lần 1
21:28:31 [INFO]    🔹 [6354/10888] URL: https://www.amazon.com/dp/B0FJS6DJVX | Lần 1
21:28:40 [INFO]    🔹 [6355/10888] URL: https://www.amazon.com/dp/B0G3T4KCTR | Lần 1
21:28:50 [INFO]    🔹 [6356/10888] URL: https://www.amazon.com/dp/B0BS9RGKZZ | Lần 1
21:29:04 [INFO]    🔹 [6357/10888] URL: https://www.amazon.com/dp/B0D9HSXP3Q | Lần 1
21:29:14 [INFO]    🔹 [6358/10888] URL: https://www.amazon.com/dp/B0F76BZ1W2 | Lần 1
21:29:25 [INFO]    🔹 [6359/10888] URL: https://www.amazon.com/dp/B0BMW7W85W | Lần 1
21:29:38 [INFO]    🔹 [6360/10888] URL: https://www.amazon.com/dp/B0F6VHTMGX | Lần 1
21:29:47 [INFO]    🔹 [6361/10888] URL: https://www.amazon.com/dp/B0G4XJGVS7 | Lần 1
21:29:53 [INFO] 💾 Đã ghi 10 items vào all_links_amazon_details_2.jsonl
21:29:58 [INFO]    🔹 [6362/10888] URL: https://www.amazon.com/dp/B0CN771QHZ | Lần 1
21:30:11 [INFO]    🔹 [6363/10888] URL: https://www.amazon.com/dp/B07VT1WXGV | Lần 1
21:30:22 [INFO]    🔹 [6364/10888] URL: https://www.amazon.com/dp/B0BGWY8YV1 | Lần 1
21:30:33 [INFO]    🔹 [6365/10888] URL: https://www.amazon.com/dp/B0CK9FWYF1 | Lần 1
21:30:45 [INFO]    🔹 [6366/10888] URL: https://www.amazon.com/dp/B0CJQ9NF89 | Lần 1
21:30:55 [INFO]    🔹 [6367/10888] URL: https://www.amazon.com/dp/B0D81NTZYR | Lần 1
21:31:06 [INFO]    🔹 [6368/10888] URL: https://www.amazon.com/dp/B0CQKDG5CZ | Lần 1
21:31:17 [INFO]    🔹 [6369/10888] URL: https://www.amazon.com/dp/B0B6JWXZZP | Lần 1
21:31:27 [INFO]    🔹 [6370/10888] URL: https://www.amazon.com/dp/B0DT1GVZDZ | Lần 1
21:31:38 [INFO]    🔹 [6371/10888] URL: https://www.amazon.com/dp/B0D2LT8L75 | Lần 1
21:31:45 [INFO] 💾 Đã ghi 10 items vào all_links_amazon_details_2.jsonl
21:31:49 [INFO]    🔹 [6372/10888] URL: https://www.amazon.com/dp/B0FJS4YHPL | Lần 1
21:31:59 [INFO]    🔹 [6373/10888] URL: https://www.amazon.com/dp/B0DT1HS4N9 | Lần 1
21:32:09 [INFO]    🔹 [6374/10888] URL: https://www.amazon.com/dp/B0GQVHXFM4 | Lần 1
21:32:20 [INFO]    🔹 [6375/10888] URL: https://www.amazon.com/dp/B0DT1LNSFR | Lần 1
21:32:31 [INFO]    🔹 [6376/10888] URL: https://www.amazon.com/dp/B0DTMDVQ9J | Lần 1
21:32:43 [INFO]    🔹 [6377/10888] URL: https://www.amazon.com/dp/B0CQPHJ32Y | Lần 1
21:32:54 [INFO]    🔹 [6378/10888] URL: https://www.amazon.com/dp/B0D1ZF8RQ9 | Lần 1
21:33:04 [INFO]    🔹 [6379/10888] URL: https://www.amazon.com/dp/B0FJS8675G | Lần 1
21:33:15 [INFO]    🔹 [6380/10888] URL: https://www.amazon.com/dp/B0CGVWWQTT | Lần 1
21:33:25 [INFO]    🔹 [6381/10888] URL: https://www.amazon.com/dp/B0CJQ82PNX | Lần 1
21:33:31 [INFO] 💾 Đã ghi 10 items vào all_links_amazon_details_2.jsonl
21:33:36 [INFO]    🔹 [6382/10888] URL: https://www.amazon.com/dp/B0F3B7B6K6 | Lần 1
21:33:46 [INFO]    🔹 [6383/10888] URL: https://www.amazon.com/dp/B0CDJBXNGW | Lần 1
21:33:57 [INFO]    🔹 [6384/10888] URL: https://www.amazon.com/dp/B0DT1JWW8K | Lần 1
21:34:07 [INFO]    🔹 [6385/10888] URL: https://www.amazon.com/dp/B0CDM5MT23 | Lần 1
21:34:17 [INFO]    🔹 [6386/10888] URL: https://www.amazon.com/dp/B0CDM941FG | Lần 1
21:34:29 [INFO]    🔹 [6387/10888] URL: https://www.amazon.com/dp/B0BM7XZ53B | Lần 1
21:34:38 [INFO]    🔹 [6388/10888] URL: https://www.amazon.com/dp/B0D9PCW1X5 | Lần 1
21:34:49 [INFO]    🔹 [6389/10888] URL: https://www.amazon.com/dp/B0CDCJTXLP | Lần 1
21:34:59 [INFO]    🔹 [6390/10888] URL: https://www.amazon.com/dp/B0D2RW526R | Lần 1
21:35:10 [INFO]    🔹 [6391/10888] URL: https://www.amazon.com/dp/B0F3BTRK3L | Lần 1
21:35:18 [INFO] 💾 Đã ghi 10 items vào all_links_amazon_details_2.jsonl
21:35:22 [INFO]    🔹 [6392/10888] URL: https://www.amazon.com/dp/B0G5BDR7YJ | Lần 1
21:35:31 [INFO]    🔹 [6393/10888] URL: https://www.amazon.com/dp/B0CYV7G8YY | Lần 1
21:35:43 [INFO]    🔹 [6394/10888] URL: https://www.amazon.com/dp/B0CBVTGLBK | Lần 1
21:35:54 [INFO]    🔹 [6395/10888] URL: https://www.amazon.com/dp/B0DKZ81PZQ | Lần 1
21:36:04 [INFO]    🔹 [6396/10888] URL: https://www.amazon.com/dp/B08BF4CZSV | Lần 1
21:36:15 [INFO]    🔹 [6397/10888] URL: https://www.amazon.com/dp/B0DPL6GRCZ | Lần 1
21:36:24 [INFO]    🔹 [6398/10888] URL: https://www.amazon.com/dp/B0CV7C55WQ | Lần 1
21:36:35 [INFO]    🔹 [6399/10888] URL: https://www.amazon.com/dp/B0FFZ6LXCG | Lần 1
21:36:45 [INFO]    🔹 [6400/10888] URL: https://www.amazon.com/dp/B0BVRSSKYJ | Lần 1
21:36:54 [INFO]    🔹 [6401/10888] URL: https://www.amazon.com/dp/B0F8VW3Y48 | Lần 1
21:37:00 [INFO] 💾 Đã ghi 10 items vào all_links_amazon_details_2.jsonl
21:37:04 [INFO]    🔹 [6402/10888] URL: https://www.amazon.com/dp/B0F43H7W2Z | Lần 1
21:37:16 [INFO]    🔹 [6403/10888] URL: https://www.amazon.com/dp/B0F43HM2RW | Lần 1
21:37:26 [INFO]    🔹 [6404/10888] URL: https://www.amazon.com/dp/B0DHD1TM9S | Lần 1
21:37:36 [INFO]    🔹 [6405/10888] URL: https://www.amazon.com/dp/B08TQPTPCK | Lần 1
21:37:47 [INFO]    🔹 [6406/10888] URL: https://www.amazon.com/dp/B0FF23P69Z | Lần 1
21:37:57 [INFO]    🔹 [6407/10888] URL: https://www.amazon.com/dp/B0BG39QWRM | Lần 1
21:38:07 [INFO]    🔹 [6408/10888] URL: https://www.amazon.com/dp/B0GTTWJWXG | Lần 1
21:38:16 [INFO]    🔹 [6409/10888] URL: https://www.amazon.com/dp/B0F2NBZCVG | Lần 1
21:38:26 [INFO]    🔹 [6410/10888] URL: https://www.amazon.com/dp/B0D44QFCPQ | Lần 1
21:38:38 [INFO]    🔹 [6411/10888] URL: https://www.amazon.com/dp/B0DD71S6FL | Lần 1
21:38:44 [INFO] 💾 Đã ghi 10 items vào all_links_amazon_details_2.jsonl
21:38:48 [INFO]    🔹 [6412/10888] URL: https://www.amazon.com/dp/B0DD72FY6P | Lần 1
21:38:58 [INFO]    🔹 [6413/10888] URL: https://www.amazon.com/dp/B0DWWTK67F | Lần 1
21:39:08 [INFO]    🔹 [6414/10888] URL: https://www.amazon.com/dp/B0F35F5M3R | Lần 1
21:39:20 [INFO]    🔹 [6415/10888] URL: https://www.amazon.com/dp/B08LBR1DL4 | Lần 1
21:39:31 [INFO]    🔹 [6416/10888] URL: https://www.amazon.com/dp/B095JYD7SB | Lần 1
21:39:40 [INFO]    🔹 [6417/10888] URL: https://www.amazon.com/dp/B0CV75WYTB | Lần 1
21:39:51 [INFO]    🔹 [6418/10888] URL: https://www.amazon.com/dp/B0GKGGSPSZ | Lần 1
21:40:02 [INFO]    🔹 [6419/10888] URL: https://www.amazon.com/dp/B0CRC85TPD | Lần 1
21:40:12 [INFO]    🔹 [6420/10888] URL: https://www.amazon.com/dp/B0BYPG8DW3 | Lần 1
21:40:24 [INFO]    🔹 [6421/10888] URL: https://www.amazon.com/dp/B0D437YLL5 | Lần 1
21:40:31 [INFO] 💾 Đã ghi 10 items vào all_links_amazon_details_2.jsonl
21:40:34 [INFO]    🔹 [6422/10888] URL: https://www.amazon.com/dp/B0C37F4GV9 | Lần 1
21:40:45 [INFO]    🔹 [6423/10888] URL: https://www.amazon.com/dp/B08WX3MMN8 | Lần 1
21:40:55 [INFO]    🔹 [6424/10888] URL: https://www.amazon.com/dp/B0947HMPYX | Lần 1
21:41:05 [INFO]    🔹 [6425/10888] URL: https://www.amazon.com/dp/B08V5KCPZ2 | Lần 1
21:41:16 [INFO]    🔹 [6426/10888] URL: https://www.amazon.com/dp/B0CP7SV7XV | Lần 1
21:41:29 [INFO]    🔹 [6427/10888] URL: https://www.amazon.com/dp/B0FF21Y1XH | Lần 1
21:41:39 [INFO]    🔹 [6428/10888] URL: https://www.amazon.com/dp/B08TX51PWV | Lần 1
21:41:49 [INFO]    🔹 [6429/10888] URL: https://www.amazon.com/dp/B0F7NY3VLM | Lần 1
21:42:01 [INFO]    🔹 [6430/10888] URL: https://www.amazon.com/dp/B0FF21YVF5 | Lần 1
21:42:11 [INFO]    🔹 [6431/10888] URL: https://www.amazon.com/dp/B0DHVWPL6V | Lần 1
21:42:17 [INFO] 💾 Đã ghi 10 items vào all_links_amazon_details_2.jsonl
21:42:21 [INFO]    🔹 [6432/10888] URL: https://www.amazon.com/dp/B09KP54G4F | Lần 1
21:42:31 [INFO]    🔹 [6433/10888] URL: https://www.amazon.com/dp/B0B6QF5THC | Lần 1
21:42:41 [INFO]    🔹 [6434/10888] URL: https://www.amazon.com/dp/B0DR5VTGP9 | Lần 1
21:42:50 [INFO]    🔹 [6435/10888] URL: https://www.amazon.com/dp/B0BNLVX58C | Lần 1
21:43:01 [INFO]    🔹 [6436/10888] URL: https://www.amazon.com/dp/B0CTSC3VS4 | Lần 1
21:43:13 [INFO]    🔹 [6437/10888] URL: https://www.amazon.com/dp/B0CTS1RQ6Y | Lần 1
21:43:22 [INFO]    🔹 [6438/10888] URL: https://www.amazon.com/dp/B0DPXYZYPT | Lần 1
21:43:33 [INFO]    🔹 [6439/10888] URL: https://www.amazon.com/dp/B0GP9F7MY4 | Lần 1
21:43:44 [INFO]    🔹 [6440/10888] URL: https://www.amazon.com/dp/B0DJPW5WXR | Lần 1
21:43:56 [INFO]    🔹 [6441/10888] URL: https://www.amazon.com/dp/B0FV5F773P | Lần 1
21:44:02 [INFO] 💾 Đã ghi 10 items vào all_links_amazon_details_2.jsonl
21:44:06 [INFO]    🔹 [6442/10888] URL: https://www.amazon.com/dp/B0DBW1D1DS | Lần 1
21:44:16 [INFO]    🔹 [6443/10888] URL: https://www.amazon.com/dp/B0CY79PH3C | Lần 1
21:44:29 [INFO]    🔹 [6444/10888] URL: https://www.amazon.com/dp/B0DZMDWMDD | Lần 1
21:44:40 [INFO]    🔹 [6445/10888] URL: https://www.amazon.com/dp/B0GP92BBPB | Lần 1
21:44:51 [INFO]    🔹 [6446/10888] URL: https://www.amazon.com/dp/B0G1PYLBD3 | Lần 1
21:45:03 [INFO]    🔹 [6447/10888] URL: https://www.amazon.com/dp/B0G53VCGQB | Lần 1
21:45:16 [INFO]    🔹 [6448/10888] URL: https://www.amazon.com/dp/B0F2QVYGGF | Lần 1
21:45:25 [INFO]    🔹 [6449/10888] URL: https://www.amazon.com/dp/B0FTZSXPLY | Lần 1
21:45:35 [INFO]    🔹 [6450/10888] URL: https://www.amazon.com/dp/B0G4P697M8 | Lần 1
21:45:45 [INFO]    🔹 [6451/10888] URL: https://www.amazon.com/dp/B0FG632MT5 | Lần 1
21:45:51 [INFO] 💾 Đã ghi 10 items vào all_links_amazon_details_2.jsonl
21:45:56 [INFO]    🔹 [6452/10888] URL: https://www.amazon.com/dp/B0DPXZ6X7Q | Lần 1
21:46:07 [INFO]    🔹 [6453/10888] URL: https://www.amazon.com/dp/B0DM47QM32 | Lần 1
21:46:18 [INFO]    🔹 [6454/10888] URL: https://www.amazon.com/dp/B0CTRXCNV8 | Lần 1
21:46:29 [INFO]    🔹 [6455/10888] URL: https://www.amazon.com/dp/B0DPXZP328 | Lần 1
21:46:40 [INFO]    🔹 [6456/10888] URL: https://www.amazon.com/dp/B0CTRXPJMC | Lần 1
21:46:50 [INFO]    🔹 [6457/10888] URL: https://www.amazon.com/dp/B0FV4S4YV9 | Lần 1
21:47:02 [INFO]    🔹 [6458/10888] URL: https://www.amazon.com/dp/B0F7ZZ14QS | Lần 1
21:47:14 [INFO]    🔹 [6459/10888] URL: https://www.amazon.com/dp/B0DG6QH33Y | Lần 1
21:47:25 [INFO]    🔹 [6460/10888] URL: https://www.amazon.com/dp/B0FKVGTDWX | Lần 1
21:47:37 [INFO]    🔹 [6461/10888] URL: https://www.amazon.com/dp/B0FBH52NT7 | Lần 1
21:47:45 [INFO] 💾 Đã ghi 10 items vào all_links_amazon_details_2.jsonl
21:47:49 [INFO]    🔹 [6462/10888] URL: https://www.amazon.com/dp/B0FBHSFKH9 | Lần 1
21:48:00 [INFO]    🔹 [6463/10888] URL: https://www.amazon.com/dp/B0CMCF65BG | Lần 1
21:48:12 [INFO]    🔹 [6464/10888] URL: https://www.amazon.com/dp/B0BRMK6VZZ | Lần 1
21:48:24 [INFO]    🔹 [6465/10888] URL: https://www.amazon.com/dp/B0DJPW2LPF | Lần 1
21:48:35 [INFO]    🔹 [6466/10888] URL: https://www.amazon.com/dp/B0DJRVB98P | Lần 1
21:48:46 [INFO]    🔹 [6467/10888] URL: https://www.amazon.com/dp/B0F5TN13GV | Lần 1
21:48:56 [INFO]    🔹 [6468/10888] URL: https://www.amazon.com/dp/B0G4P3ZNKN | Lần 1
21:49:07 [INFO]    🔹 [6469/10888] URL: https://www.amazon.com/dp/B0GF49PV1T | Lần 1
21:49:17 [INFO]    🔹 [6470/10888] URL: https://www.amazon.com/dp/B0DYQ93LHB | Lần 1
21:49:28 [INFO]    🔹 [6471/10888] URL: https://www.amazon.com/dp/B0D2PPYYHK | Lần 1
21:49:34 [INFO] 💾 Đã ghi 10 items vào all_links_amazon_details_2.jsonl
21:49:38 [INFO]    🔹 [6472/10888] URL: https://www.amazon.com/dp/B0FG6867YG | Lần 1
21:49:48 [INFO]    🔹 [6473/10888] URL: https://www.amazon.com/dp/B0F6VGYB2Z | Lần 1
21:50:00 [INFO]    🔹 [6474/10888] URL: https://www.amazon.com/dp/B0FRMYSKQL | Lần 1
21:50:11 [INFO]    🔹 [6475/10888] URL: https://www.amazon.com/dp/B0FKTXF5BX | Lần 1
21:50:22 [INFO]    🔹 [6476/10888] URL: https://www.amazon.com/dp/B0FKV4GHBL | Lần 1
21:50:33 [INFO]    🔹 [6477/10888] URL: https://www.amazon.com/dp/B0G1PJ774G | Lần 1
21:50:44 [INFO]    🔹 [6478/10888] URL: https://www.amazon.com/dp/B0GV1GDXQL | Lần 1
21:50:56 [INFO]    🔹 [6479/10888] URL: https://www.amazon.com/dp/B0FPGK3C92 | Lần 1
21:51:07 [INFO]    🔹 [6480/10888] URL: https://www.amazon.com/dp/B0FTZVBX84 | Lần 1
21:51:17 [INFO]    🔹 [6481/10888] URL: https://www.amazon.com/dp/B0GV1MNVXX | Lần 1
21:51:24 [INFO] 💾 Đã ghi 10 items vào all_links_amazon_details_2.jsonl
21:51:27 [INFO]    🔹 [6482/10888] URL: https://www.amazon.com/dp/B0DG6ZR4WG | Lần 1
21:51:38 [INFO]    🔹 [6483/10888] URL: https://www.amazon.com/dp/B0BX2G4J7X | Lần 1
21:51:48 [INFO]    🔹 [6484/10888] URL: https://www.amazon.com/dp/B0DG6MPS3P | Lần 1
21:51:59 [INFO]    🔹 [6485/10888] URL: https://www.amazon.com/dp/B0CWPWRFGX | Lần 1
21:52:11 [INFO]    🔹 [6486/10888] URL: https://www.amazon.com/dp/B0D9HY3JH2 | Lần 1
21:52:22 [INFO]    🔹 [6487/10888] URL: https://www.amazon.com/dp/B0D68C1BVS | Lần 1
21:52:34 [INFO]    🔹 [6488/10888] URL: https://www.amazon.com/dp/B0CWPXVQJN | Lần 1
21:52:47 [INFO]    🔹 [6489/10888] URL: https://www.amazon.com/dp/B0DYKJVX71 | Lần 1
21:52:58 [INFO]    🔹 [6490/10888] URL: https://www.amazon.com/dp/B0C4MQYV67 | Lần 1
21:53:10 [INFO]    🔹 [6491/10888] URL: https://www.amazon.com/dp/B0FG69TW2B | Lần 1
21:53:16 [INFO] 💾 Đã ghi 10 items vào all_links_amazon_details_2.jsonl
21:53:20 [INFO]    🔹 [6492/10888] URL: https://www.amazon.com/dp/B0GP9FF1RC | Lần 1
21:53:31 [INFO]    🔹 [6493/10888] URL: https://www.amazon.com/dp/B0FHBRGGTY | Lần 1
21:53:41 [INFO]    🔹 [6494/10888] URL: https://www.amazon.com/dp/B0FKW7Y7DN | Lần 1
21:53:50 [INFO]    🔹 [6495/10888] URL: https://www.amazon.com/dp/B0DJWTLYGP | Lần 1
21:54:02 [INFO]    🔹 [6496/10888] URL: https://www.amazon.com/dp/B086Z39HSP | Lần 1
21:54:14 [INFO]    🔹 [6497/10888] URL: https://www.amazon.com/dp/B0BTTVDKPS | Lần 1
21:54:26 [INFO]    🔹 [6498/10888] URL: https://www.amazon.com/dp/B0BS5Q44TF | Lần 1
21:54:38 [INFO]    🔹 [6499/10888] URL: https://www.amazon.com/dp/B0BS4R8YDJ | Lần 1
21:54:51 [INFO]    🔹 [6500/10888] URL: https://www.amazon.com/dp/B0BTTVM832 | Lần 1
21:55:03 [INFO]    🔹 [6501/10888] URL: https://www.amazon.com/dp/B09NF4FVKR | Lần 1
21:55:11 [INFO] 💾 Đã ghi 10 items vào all_links_amazon_details_2.jsonl
21:55:16 [INFO]    🔹 [6502/10888] URL: https://www.amazon.com/dp/B0B2426N4Z | Lần 1
21:55:28 [INFO]    🔹 [6503/10888] URL: https://www.amazon.com/dp/B09NF49CDZ | Lần 1
21:55:39 [INFO]    🔹 [6504/10888] URL: https://www.amazon.com/dp/B0FW6QPF1W | Lần 1
21:55:49 [INFO]    🔹 [6505/10888] URL: https://www.amazon.com/dp/B0CV2219GY | Lần 1
21:56:01 [INFO]    🔹 [6506/10888] URL: https://www.amazon.com/dp/B0D12FW78S | Lần 1
21:56:11 [INFO]    🔹 [6507/10888] URL: https://www.amazon.com/dp/B0DWTCDHPK | Lần 1
21:56:22 [INFO]    🔹 [6508/10888] URL: https://www.amazon.com/dp/B0DG6DWXML | Lần 1
21:56:34 [INFO]    🔹 [6509/10888] URL: https://www.amazon.com/dp/B0DPJKPLPP | Lần 1
21:56:44 [INFO]    🔹 [6510/10888] URL: https://www.amazon.com/dp/B09C2TD9T4 | Lần 1
21:56:55 [INFO]    🔹 [6511/10888] URL: https://www.amazon.com/dp/B0D2PDYHD9 | Lần 1
21:57:03 [INFO] 💾 Đã ghi 10 items vào all_links_amazon_details_2.jsonl
21:57:07 [INFO]    🔹 [6512/10888] URL: https://www.amazon.com/dp/B0FPMBR5SL | Lần 1
21:57:19 [INFO]    🔹 [6513/10888] URL: https://www.amazon.com/dp/B0FQ5NMXM1 | Lần 1
21:57:29 [INFO]    🔹 [6514/10888] URL: https://www.amazon.com/dp/B0G2LKMBHV | Lần 1
21:57:39 [INFO]    🔹 [6515/10888] URL: https://www.amazon.com/dp/B0CW3THZK6 | Lần 1
21:57:51 [INFO]    🔹 [6516/10888] URL: https://www.amazon.com/dp/B0D2PHW5Y8 | Lần 1
21:58:02 [INFO]    🔹 [6517/10888] URL: https://www.amazon.com/dp/B0G38RCQKN | Lần 1
21:58:13 [INFO]    🔹 [6518/10888] URL: https://www.amazon.com/dp/B0DFD2Q8F1 | Lần 1
21:58:25 [INFO]    🔹 [6519/10888] URL: https://www.amazon.com/dp/B0DFCYXMD3 | Lần 1
21:58:35 [INFO]    🔹 [6520/10888] URL: https://www.amazon.com/dp/B0FNNH6Y4G | Lần 1
21:58:46 [INFO]    🔹 [6521/10888] URL: https://www.amazon.com/dp/B0DBB63XGC | Lần 1
21:58:54 [INFO] 💾 Đã ghi 10 items vào all_links_amazon_details_2.jsonl
21:58:59 [INFO]    🔹 [6522/10888] URL: https://www.amazon.com/dp/B0FNNFNCXW | Lần 1
21:59:10 [INFO]    🔹 [6523/10888] URL: https://www.amazon.com/dp/B0DBBD6LB3 | Lần 1
21:59:22 [INFO]    🔹 [6524/10888] URL: https://www.amazon.com/dp/B07F2RW96C | Lần 1
21:59:32 [INFO]    🔹 [6525/10888] URL: https://www.amazon.com/dp/B0DY8CQZC1 | Lần 1
21:59:45 [INFO]    🔹 [6526/10888] URL: https://www.amazon.com/dp/B0G31RDCMP | Lần 1
21:59:55 [INFO]    🔹 [6527/10888] URL: https://www.amazon.com/dp/B0CT441B25 | Lần 1
22:00:08 [INFO]    🔹 [6528/10888] URL: https://www.amazon.com/dp/B07N4PSVWJ | Lần 1
22:00:19 [INFO]    🔹 [6529/10888] URL: https://www.amazon.com/dp/B0DZ8GYGCJ | Lần 1
22:00:31 [INFO]    🔹 [6530/10888] URL: https://www.amazon.com/dp/B0918QXTGN | Lần 1
22:00:44 [INFO]    🔹 [6531/10888] URL: https://www.amazon.com/dp/B0FNFZ6H5F | Lần 1
22:00:51 [INFO] 💾 Đã ghi 10 items vào all_links_amazon_details_2.jsonl
22:00:56 [INFO]    🔹 [6532/10888] URL: https://www.amazon.com/dp/B0FRKSYS9T | Lần 1
22:01:09 [INFO]    🔹 [6533/10888] URL: https://www.amazon.com/dp/B0DG63XH6T | Lần 1
22:01:21 [INFO]    🔹 [6534/10888] URL: https://www.amazon.com/dp/B0FRNF2WZF | Lần 1
22:01:31 [INFO]    🔹 [6535/10888] URL: https://www.amazon.com/dp/B0D2LXLN75 | Lần 1
22:01:42 [INFO]    🔹 [6536/10888] URL: https://www.amazon.com/dp/B09NF2472W | Lần 1
22:01:53 [INFO]    🔹 [6537/10888] URL: https://www.amazon.com/dp/B09X9KWXVS | Lần 1
22:02:04 [INFO]    🔹 [6538/10888] URL: https://www.amazon.com/dp/B0GLRG9NK4 | Lần 1
22:02:14 [INFO]    🔹 [6539/10888] URL: https://www.amazon.com/dp/B0B92K7GG6 | Lần 1
22:02:28 [INFO]    🔹 [6540/10888] URL: https://www.amazon.com/dp/B0CP9WK81R | Lần 1
22:02:41 [INFO]    🔹 [6541/10888] URL: https://www.amazon.com/dp/B07N5MG9LP | Lần 1
22:02:49 [INFO] 💾 Đã ghi 10 items vào all_links_amazon_details_2.jsonl
22:02:54 [INFO]    🔹 [6542/10888] URL: https://www.amazon.com/dp/B0DKZPC3HV | Lần 1
22:03:05 [INFO]    🔹 [6543/10888] URL: https://www.amazon.com/dp/B072XFFQ4K | Lần 1
22:03:16 [INFO]    🔹 [6544/10888] URL: https://www.amazon.com/dp/B0CXBM1J2G | Lần 1
22:03:29 [INFO]    🔹 [6545/10888] URL: https://www.amazon.com/dp/B0DL169SLK | Lần 1
22:03:41 [INFO]    🔹 [6546/10888] URL: https://www.amazon.com/dp/B072XCZSSW | Lần 1
22:03:53 [INFO]    🔹 [6547/10888] URL: https://www.amazon.com/dp/B08FZS8C7X | Lần 1
22:04:02 [INFO]    🔹 [6548/10888] URL: https://www.amazon.com/dp/B0FKJ2HB4C | Lần 1
22:04:13 [INFO]    🔹 [6549/10888] URL: https://www.amazon.com/dp/B0FFF4C3HL | Lần 1
22:04:25 [INFO]    🔹 [6550/10888] URL: https://www.amazon.com/dp/B0B94RB5JB | Lần 1
22:04:36 [INFO]    🔹 [6551/10888] URL: https://www.amazon.com/dp/B0DJ28LKX9 | Lần 1
22:04:45 [INFO] 💾 Đã ghi 10 items vào all_links_amazon_details_2.jsonl
22:04:48 [INFO]    🔹 [6552/10888] URL: https://www.amazon.com/dp/B07BV3YCQ4 | Lần 1
22:05:08 [INFO]    🔹 [6553/10888] URL: https://www.amazon.com/dp/B0DJ28PKN3 | Lần 1
22:05:20 [INFO]    🔹 [6554/10888] URL: https://www.amazon.com/dp/B0CL9RXRVX | Lần 1
22:05:36 [INFO]    🔹 [6555/10888] URL: https://www.amazon.com/dp/B0FNG95VKS | Lần 1
22:05:45 [INFO]    🔹 [6556/10888] URL: https://www.amazon.com/dp/B08K2NT2G7 | Lần 1
22:05:59 [INFO]    🔹 [6557/10888] URL: https://www.amazon.com/dp/B0CXBB31TS | Lần 1
22:06:18 [INFO]    🔹 [6558/10888] URL: https://www.amazon.com/dp/B0CP9THGP2 | Lần 1
22:06:30 [INFO]    🔹 [6559/10888] URL: https://www.amazon.com/dp/B0D2RT21YQ | Lần 1
22:06:41 [INFO]    🔹 [6560/10888] URL: https://www.amazon.com/dp/B0FKHMQ342 | Lần 1
22:06:50 [INFO]    🔹 [6561/10888] URL: https://www.amazon.com/dp/B0BVXYJXK7 | Lần 1
22:06:57 [INFO] 💾 Đã ghi 10 items vào all_links_amazon_details_2.jsonl
22:07:01 [INFO]    🔹 [6562/10888] URL: https://www.amazon.com/dp/B0DF491FRC | Lần 1
22:07:12 [INFO]    🔹 [6563/10888] URL: https://www.amazon.com/dp/B0D68FDYMD | Lần 1
22:07:22 [INFO]    🔹 [6564/10888] URL: https://www.amazon.com/dp/B0BVYV4BVG | Lần 1
22:07:32 [INFO]    🔹 [6565/10888] URL: https://www.amazon.com/dp/B0CQ2YLVJR | Lần 1
22:07:41 [INFO]    🔹 [6566/10888] URL: https://www.amazon.com/dp/B0DS41ZTRF | Lần 1
22:07:50 [INFO]    🔹 [6567/10888] URL: https://www.amazon.com/dp/B0DS48PNLX | Lần 1
22:08:00 [INFO]    🔹 [6568/10888] URL: https://www.amazon.com/dp/B0DS3NZXRX | Lần 1
22:08:11 [INFO]    🔹 [6569/10888] URL: https://www.amazon.com/dp/B078HWN5CX | Lần 1
22:08:20 [INFO]    🔹 [6570/10888] URL: https://www.amazon.com/dp/B09KLH1GQD | Lần 1
22:08:30 [INFO]    🔹 [6571/10888] URL: https://www.amazon.com/dp/B078HWBGH5 | Lần 1
22:08:35 [INFO] 💾 Đã ghi 10 items vào all_links_amazon_details_2.jsonl
22:08:39 [INFO]    🔹 [6572/10888] URL: https://www.amazon.com/dp/B081V1M5CR | Lần 1
22:08:49 [INFO]    🔹 [6573/10888] URL: https://www.amazon.com/dp/B09C2SY8B4 | Lần 1
22:09:00 [INFO]    🔹 [6574/10888] URL: https://www.amazon.com/dp/B08412P2GB | Lần 1
22:09:11 [INFO]    🔹 [6575/10888] URL: https://www.amazon.com/dp/B0C836NB5X | Lần 1
22:09:21 [INFO]    🔹 [6576/10888] URL: https://www.amazon.com/dp/B088MKPYD4 | Lần 1
22:09:32 [INFO]    🔹 [6577/10888] URL: https://www.amazon.com/dp/B0BZSYR4YD | Lần 1
22:09:42 [INFO]    🔹 [6578/10888] URL: https://www.amazon.com/dp/B0BZT3SLWV | Lần 1
22:09:52 [INFO]    🔹 [6579/10888] URL: https://www.amazon.com/dp/B0CRXBL4WR | Lần 1
22:10:02 [INFO]    🔹 [6580/10888] URL: https://www.amazon.com/dp/B096N3W6QG | Lần 1
22:10:13 [INFO]    🔹 [6581/10888] URL: https://www.amazon.com/dp/B07FBRRP8G | Lần 1
22:10:18 [INFO] 💾 Đã ghi 10 items vào all_links_amazon_details_2.jsonl
22:10:23 [INFO]    🔹 [6582/10888] URL: https://www.amazon.com/dp/B09BJVZVTB | Lần 1
22:10:33 [INFO]    🔹 [6583/10888] URL: https://www.amazon.com/dp/B0B3FVVL34 | Lần 1
22:10:44 [INFO]    🔹 [6584/10888] URL: https://www.amazon.com/dp/B0B3FDTV1F | Lần 1
22:10:54 [INFO]    🔹 [6585/10888] URL: https://www.amazon.com/dp/B09BJVGK92 | Lần 1
22:11:04 [INFO]    🔹 [6586/10888] URL: https://www.amazon.com/dp/B0773ZY26F | Lần 1
22:11:14 [INFO]    🔹 [6587/10888] URL: https://www.amazon.com/dp/B0F7P3HPGJ | Lần 1
22:11:15 [INFO] 🏁 QUY TRÌNH HOÀN TẤT.
